[1.863s] DEBUG:colcon:Command line arguments: ['/usr/bin/colcon', 'build']
[1.863s] DEBUG:colcon:Parsed command line arguments: Namespace(log_base=None, log_level=None, verb_name='build', build_base='build', install_base='install', merge_install=False, symlink_install=False, test_result_base=None, continue_on_error=False, executor='parallel', parallel_workers=1, event_handlers=None, ignore_user_meta=False, metas=['./colcon.meta'], base_paths=['.'], packages_ignore=None, packages_ignore_regex=None, paths=None, packages_up_to=None, packages_up_to_regex=None, packages_above=None, packages_above_and_dependencies=None, packages_above_depth=None, packages_select_by_dep=None, packages_skip_by_dep=None, packages_skip_up_to=None, packages_select_build_failed=False, packages_skip_build_finished=False, packages_select_test_failures=False, packages_skip_test_passed=False, packages_select=None, packages_skip=None, packages_select_regex=None, packages_skip_regex=None, packages_start=None, packages_end=None, allow_overriding=[], cmake_args=None, cmake_target=None, cmake_target_skip_unavailable=False, cmake_clean_cache=False, cmake_clean_first=False, cmake_force_configure=False, ament_cmake_args=None, catkin_cmake_args=None, catkin_skip_building_tests=False, verb_parser=<colcon_defaults.argument_parser.defaults.DefaultArgumentsDecorator object at 0x7f8734256ce0>, verb_extension=<colcon_core.verb.build.BuildVerb object at 0x7f87342546d0>, main=<bound method BuildVerb.main of <colcon_core.verb.build.BuildVerb object at 0x7f87342546d0>>)
[1.990s] Level 1:colcon.colcon_core.package_discovery:discover_packages(colcon_meta) check parameters
[1.990s] Level 1:colcon.colcon_core.package_discovery:discover_packages(recursive) check parameters
[1.991s] Level 1:colcon.colcon_core.package_discovery:discover_packages(ignore) check parameters
[1.991s] Level 1:colcon.colcon_core.package_discovery:discover_packages(path) check parameters
[1.992s] Level 1:colcon.colcon_core.package_discovery:discover_packages(colcon_meta) discover
[1.992s] Level 1:colcon.colcon_core.package_discovery:discover_packages(recursive) discover
[1.992s] INFO:colcon.colcon_core.package_discovery:Crawling recursively for packages in '/home/user/robotic-soln'
[1.992s] Level 1:colcon.colcon_core.package_identification:_identify(.) by extensions ['ignore', 'ignore_ament_install']
[1.992s] Level 1:colcon.colcon_core.package_identification:_identify(.) by extension 'ignore'
[1.993s] Level 1:colcon.colcon_core.package_identification:_identify(.) by extension 'ignore_ament_install'
[1.993s] Level 1:colcon.colcon_core.package_identification:_identify(.) by extensions ['colcon_pkg']
[1.993s] Level 1:colcon.colcon_core.package_identification:_identify(.) by extension 'colcon_pkg'
[1.993s] Level 1:colcon.colcon_core.package_identification:_identify(.) by extensions ['colcon_meta']
[1.994s] Level 1:colcon.colcon_core.package_identification:_identify(.) by extension 'colcon_meta'
[1.994s] Level 1:colcon.colcon_core.package_identification:_identify(.) by extensions ['ros']
[1.994s] Level 1:colcon.colcon_core.package_identification:_identify(.) by extension 'ros'
[2.008s] Level 1:colcon.colcon_core.package_identification:_identify(.) by extensions ['cmake', 'python']
[2.009s] Level 1:colcon.colcon_core.package_identification:_identify(.) by extension 'cmake'
[2.009s] Level 1:colcon.colcon_core.package_identification:_identify(.) by extension 'python'
[2.009s] Level 1:colcon.colcon_core.package_identification:_identify(.) by extensions ['python_setup_py']
[2.009s] Level 1:colcon.colcon_core.package_identification:_identify(.) by extension 'python_setup_py'
[2.010s] Level 1:colcon.colcon_core.package_identification:_identify(build) by extensions ['ignore', 'ignore_ament_install']
[2.010s] Level 1:colcon.colcon_core.package_identification:_identify(build) by extension 'ignore'
[2.010s] Level 1:colcon.colcon_core.package_identification:_identify(build) ignored
[2.010s] Level 1:colcon.colcon_core.package_identification:_identify(install) by extensions ['ignore', 'ignore_ament_install']
[2.011s] Level 1:colcon.colcon_core.package_identification:_identify(install) by extension 'ignore'
[2.011s] Level 1:colcon.colcon_core.package_identification:_identify(install) ignored
[2.011s] Level 1:colcon.colcon_core.package_identification:_identify(log) by extensions ['ignore', 'ignore_ament_install']
[2.012s] Level 1:colcon.colcon_core.package_identification:_identify(log) by extension 'ignore'
[2.012s] Level 1:colcon.colcon_core.package_identification:_identify(log) ignored
[2.012s] Level 1:colcon.colcon_core.package_identification:_identify(src) by extensions ['ignore', 'ignore_ament_install']
[2.013s] Level 1:colcon.colcon_core.package_identification:_identify(src) by extension 'ignore'
[2.013s] Level 1:colcon.colcon_core.package_identification:_identify(src) by extension 'ignore_ament_install'
[2.013s] Level 1:colcon.colcon_core.package_identification:_identify(src) by extensions ['colcon_pkg']
[2.013s] Level 1:colcon.colcon_core.package_identification:_identify(src) by extension 'colcon_pkg'
[2.013s] Level 1:colcon.colcon_core.package_identification:_identify(src) by extensions ['colcon_meta']
[2.014s] Level 1:colcon.colcon_core.package_identification:_identify(src) by extension 'colcon_meta'
[2.014s] Level 1:colcon.colcon_core.package_identification:_identify(src) by extensions ['ros']
[2.014s] Level 1:colcon.colcon_core.package_identification:_identify(src) by extension 'ros'
[2.014s] Level 1:colcon.colcon_core.package_identification:_identify(src) by extensions ['cmake', 'python']
[2.014s] Level 1:colcon.colcon_core.package_identification:_identify(src) by extension 'cmake'
[2.015s] Level 1:colcon.colcon_core.package_identification:_identify(src) by extension 'python'
[2.015s] Level 1:colcon.colcon_core.package_identification:_identify(src) by extensions ['python_setup_py']
[2.015s] Level 1:colcon.colcon_core.package_identification:_identify(src) by extension 'python_setup_py'
[2.015s] Level 1:colcon.colcon_core.package_identification:_identify(src/custom_interfaces) by extensions ['ignore', 'ignore_ament_install']
[2.015s] Level 1:colcon.colcon_core.package_identification:_identify(src/custom_interfaces) by extension 'ignore'
[2.016s] Level 1:colcon.colcon_core.package_identification:_identify(src/custom_interfaces) by extension 'ignore_ament_install'
[2.016s] Level 1:colcon.colcon_core.package_identification:_identify(src/custom_interfaces) by extensions ['colcon_pkg']
[2.016s] Level 1:colcon.colcon_core.package_identification:_identify(src/custom_interfaces) by extension 'colcon_pkg'
[2.016s] Level 1:colcon.colcon_core.package_identification:_identify(src/custom_interfaces) by extensions ['colcon_meta']
[2.016s] Level 1:colcon.colcon_core.package_identification:_identify(src/custom_interfaces) by extension 'colcon_meta'
[2.017s] Level 1:colcon.colcon_core.package_identification:_identify(src/custom_interfaces) by extensions ['ros']
[2.017s] Level 1:colcon.colcon_core.package_identification:_identify(src/custom_interfaces) by extension 'ros'
[2.021s] DEBUG:colcon.colcon_core.package_identification:Package 'src/custom_interfaces' with type 'ros.ament_cmake' and name 'custom_interfaces'
[2.022s] Level 1:colcon.colcon_core.package_identification:_identify(src/py_pubsub) by extensions ['ignore', 'ignore_ament_install']
[2.022s] Level 1:colcon.colcon_core.package_identification:_identify(src/py_pubsub) by extension 'ignore'
[2.023s] Level 1:colcon.colcon_core.package_identification:_identify(src/py_pubsub) by extension 'ignore_ament_install'
[2.023s] Level 1:colcon.colcon_core.package_identification:_identify(src/py_pubsub) by extensions ['colcon_pkg']
[2.023s] Level 1:colcon.colcon_core.package_identification:_identify(src/py_pubsub) by extension 'colcon_pkg'
[2.024s] Level 1:colcon.colcon_core.package_identification:_identify(src/py_pubsub) by extensions ['colcon_meta']
[2.024s] Level 1:colcon.colcon_core.package_identification:_identify(src/py_pubsub) by extension 'colcon_meta'
[2.024s] Level 1:colcon.colcon_core.package_identification:_identify(src/py_pubsub) by extensions ['ros']
[2.024s] Level 1:colcon.colcon_core.package_identification:_identify(src/py_pubsub) by extension 'ros'
[2.025s] DEBUG:colcon.colcon_core.package_identification:Package 'src/py_pubsub' with type 'ros.ament_python' and name 'py_pubsub'
[2.025s] Level 1:colcon.colcon_core.package_identification:_identify(src/py_srvcli) by extensions ['ignore', 'ignore_ament_install']
[2.026s] Level 1:colcon.colcon_core.package_identification:_identify(src/py_srvcli) by extension 'ignore'
[2.026s] Level 1:colcon.colcon_core.package_identification:_identify(src/py_srvcli) by extension 'ignore_ament_install'
[2.026s] Level 1:colcon.colcon_core.package_identification:_identify(src/py_srvcli) by extensions ['colcon_pkg']
[2.026s] Level 1:colcon.colcon_core.package_identification:_identify(src/py_srvcli) by extension 'colcon_pkg'
[2.027s] Level 1:colcon.colcon_core.package_identification:_identify(src/py_srvcli) by extensions ['colcon_meta']
[2.027s] Level 1:colcon.colcon_core.package_identification:_identify(src/py_srvcli) by extension 'colcon_meta'
[2.027s] Level 1:colcon.colcon_core.package_identification:_identify(src/py_srvcli) by extensions ['ros']
[2.027s] Level 1:colcon.colcon_core.package_identification:_identify(src/py_srvcli) by extension 'ros'
[2.028s] DEBUG:colcon.colcon_core.package_identification:Package 'src/py_srvcli' with type 'ros.ament_python' and name 'py_srvcli'
[2.028s] Level 1:colcon.colcon_core.package_discovery:discover_packages(recursive) using defaults
[2.028s] Level 1:colcon.colcon_core.package_discovery:discover_packages(ignore) discover
[2.029s] Level 1:colcon.colcon_core.package_discovery:discover_packages(ignore) using defaults
[2.029s] Level 1:colcon.colcon_core.package_discovery:discover_packages(path) discover
[2.029s] Level 1:colcon.colcon_core.package_discovery:discover_packages(path) using defaults
[2.208s] Level 1:colcon.colcon_core.package_discovery:discover_packages(prefix_path) check parameters
[2.208s] Level 1:colcon.colcon_core.package_discovery:discover_packages(prefix_path) discover
[2.256s] DEBUG:colcon.colcon_installed_package_information.package_discovery:Found 284 installed packages in /opt/ros/humble
[2.259s] Level 1:colcon.colcon_core.package_discovery:discover_packages(prefix_path) using defaults
[2.705s] Level 5:colcon.colcon_core.verb:set package 'custom_interfaces' build argument 'cmake_args' from command line to 'None'
[2.705s] Level 5:colcon.colcon_core.verb:set package 'custom_interfaces' build argument 'cmake_target' from command line to 'None'
[2.705s] Level 5:colcon.colcon_core.verb:set package 'custom_interfaces' build argument 'cmake_target_skip_unavailable' from command line to 'False'
[2.705s] Level 5:colcon.colcon_core.verb:set package 'custom_interfaces' build argument 'cmake_clean_cache' from command line to 'False'
[2.705s] Level 5:colcon.colcon_core.verb:set package 'custom_interfaces' build argument 'cmake_clean_first' from command line to 'False'
[2.706s] Level 5:colcon.colcon_core.verb:set package 'custom_interfaces' build argument 'cmake_force_configure' from command line to 'False'
[2.706s] Level 5:colcon.colcon_core.verb:set package 'custom_interfaces' build argument 'ament_cmake_args' from command line to 'None'
[2.706s] Level 5:colcon.colcon_core.verb:set package 'custom_interfaces' build argument 'catkin_cmake_args' from command line to 'None'
[2.706s] Level 5:colcon.colcon_core.verb:set package 'custom_interfaces' build argument 'catkin_skip_building_tests' from command line to 'False'
[2.706s] DEBUG:colcon.colcon_core.verb:Building package 'custom_interfaces' with the following arguments: {'ament_cmake_args': None, 'build_base': '/home/user/robotic-soln/build/custom_interfaces', 'catkin_cmake_args': None, 'catkin_skip_building_tests': False, 'cmake_args': None, 'cmake_clean_cache': False, 'cmake_clean_first': False, 'cmake_force_configure': False, 'cmake_target': None, 'cmake_target_skip_unavailable': False, 'install_base': '/home/user/robotic-soln/install/custom_interfaces', 'merge_install': False, 'path': '/home/user/robotic-soln/src/custom_interfaces', 'symlink_install': False, 'test_result_base': None}
[2.737s] Level 5:colcon.colcon_core.verb:set package 'py_srvcli' build argument 'cmake_args' from command line to 'None'
[2.738s] Level 5:colcon.colcon_core.verb:set package 'py_srvcli' build argument 'cmake_target' from command line to 'None'
[2.738s] Level 5:colcon.colcon_core.verb:set package 'py_srvcli' build argument 'cmake_target_skip_unavailable' from command line to 'False'
[2.738s] Level 5:colcon.colcon_core.verb:set package 'py_srvcli' build argument 'cmake_clean_cache' from command line to 'False'
[2.738s] Level 5:colcon.colcon_core.verb:set package 'py_srvcli' build argument 'cmake_clean_first' from command line to 'False'
[2.738s] Level 5:colcon.colcon_core.verb:set package 'py_srvcli' build argument 'cmake_force_configure' from command line to 'False'
[2.739s] Level 5:colcon.colcon_core.verb:set package 'py_srvcli' build argument 'ament_cmake_args' from command line to 'None'
[2.739s] Level 5:colcon.colcon_core.verb:set package 'py_srvcli' build argument 'catkin_cmake_args' from command line to 'None'
[2.739s] Level 5:colcon.colcon_core.verb:set package 'py_srvcli' build argument 'catkin_skip_building_tests' from command line to 'False'
[2.739s] DEBUG:colcon.colcon_core.verb:Building package 'py_srvcli' with the following arguments: {'ament_cmake_args': None, 'build_base': '/home/user/robotic-soln/build/py_srvcli', 'catkin_cmake_args': None, 'catkin_skip_building_tests': False, 'cmake_args': None, 'cmake_clean_cache': False, 'cmake_clean_first': False, 'cmake_force_configure': False, 'cmake_target': None, 'cmake_target_skip_unavailable': False, 'install_base': '/home/user/robotic-soln/install/py_srvcli', 'merge_install': False, 'path': '/home/user/robotic-soln/src/py_srvcli', 'symlink_install': False, 'test_result_base': None}
[2.760s] Level 5:colcon.colcon_core.verb:set package 'py_pubsub' build argument 'cmake_args' from command line to 'None'
[2.761s] Level 5:colcon.colcon_core.verb:set package 'py_pubsub' build argument 'cmake_target' from command line to 'None'
[2.761s] Level 5:colcon.colcon_core.verb:set package 'py_pubsub' build argument 'cmake_target_skip_unavailable' from command line to 'False'
[2.761s] Level 5:colcon.colcon_core.verb:set package 'py_pubsub' build argument 'cmake_clean_cache' from command line to 'False'
[2.761s] Level 5:colcon.colcon_core.verb:set package 'py_pubsub' build argument 'cmake_clean_first' from command line to 'False'
[2.761s] Level 5:colcon.colcon_core.verb:set package 'py_pubsub' build argument 'cmake_force_configure' from command line to 'False'
[2.761s] Level 5:colcon.colcon_core.verb:set package 'py_pubsub' build argument 'ament_cmake_args' from command line to 'None'
[2.762s] Level 5:colcon.colcon_core.verb:set package 'py_pubsub' build argument 'catkin_cmake_args' from command line to 'None'
[2.762s] Level 5:colcon.colcon_core.verb:set package 'py_pubsub' build argument 'catkin_skip_building_tests' from command line to 'False'
[2.762s] DEBUG:colcon.colcon_core.verb:Building package 'py_pubsub' with the following arguments: {'ament_cmake_args': None, 'build_base': '/home/user/robotic-soln/build/py_pubsub', 'catkin_cmake_args': None, 'catkin_skip_building_tests': False, 'cmake_args': None, 'cmake_clean_cache': False, 'cmake_clean_first': False, 'cmake_force_configure': False, 'cmake_target': None, 'cmake_target_skip_unavailable': False, 'install_base': '/home/user/robotic-soln/install/py_pubsub', 'merge_install': False, 'path': '/home/user/robotic-soln/src/py_pubsub', 'symlink_install': False, 'test_result_base': None}
[2.782s] INFO:colcon.colcon_core.executor:Executing jobs using 'parallel' executor
[2.804s] DEBUG:colcon.colcon_parallel_executor.executor.parallel:run_until_complete
[2.804s] INFO:colcon.colcon_ros.task.ament_cmake.build:Building ROS package in '/home/user/robotic-soln/src/custom_interfaces' with build type 'ament_cmake'
[2.804s] INFO:colcon.colcon_cmake.task.cmake.build:Building CMake package in '/home/user/robotic-soln/src/custom_interfaces'
[2.867s] INFO:colcon.colcon_core.plugin_system:Skipping extension 'colcon_core.shell.bat': Not used on non-Windows systems
[2.868s] INFO:colcon.colcon_core.shell:Skip shell extension 'powershell' for command environment: Not usable outside of PowerShell
[2.868s] DEBUG:colcon.colcon_core.shell:Skip shell extension 'dsv' for command environment
[2.977s] DEBUG:colcon.colcon_core.event_handler.log_command:Invoking command in '/home/user/robotic-soln/build/custom_interfaces': CMAKE_PREFIX_PATH=/opt/ros/humble /usr/bin/cmake /home/user/robotic-soln/src/custom_interfaces -DCMAKE_INSTALL_PREFIX=/home/user/robotic-soln/install/custom_interfaces
[8.044s] DEBUG:colcon.colcon_core.event_handler.log_command:Invoked command in '/home/user/robotic-soln/build/custom_interfaces' returned '0': CMAKE_PREFIX_PATH=/opt/ros/humble /usr/bin/cmake /home/user/robotic-soln/src/custom_interfaces -DCMAKE_INSTALL_PREFIX=/home/user/robotic-soln/install/custom_interfaces
[8.044s] DEBUG:colcon.colcon_core.event_handler.log_command:Invoking command in '/home/user/robotic-soln/build/custom_interfaces': CMAKE_PREFIX_PATH=/opt/ros/humble /usr/bin/cmake --build /home/user/robotic-soln/build/custom_interfaces -- -j1 -l1
[33.892s] DEBUG:colcon.colcon_core.event_handler.log_command:Invoked command in '/home/user/robotic-soln/build/custom_interfaces' returned '0': CMAKE_PREFIX_PATH=/opt/ros/humble /usr/bin/cmake --build /home/user/robotic-soln/build/custom_interfaces -- -j1 -l1
[34.619s] DEBUG:colcon.colcon_core.event_handler.log_command:Invoking command in '/home/user/robotic-soln/build/custom_interfaces': CMAKE_PREFIX_PATH=/opt/ros/humble /usr/bin/cmake --install /home/user/robotic-soln/build/custom_interfaces
[34.967s] Level 1:colcon.colcon_core.environment:create_environment_scripts_only(custom_interfaces)
[34.969s] DEBUG:colcon.colcon_core.event_handler.log_command:Invoked command in '/home/user/robotic-soln/build/custom_interfaces' returned '0': CMAKE_PREFIX_PATH=/opt/ros/humble /usr/bin/cmake --install /home/user/robotic-soln/build/custom_interfaces
[35.048s] Level 1:colcon.colcon_core.environment:checking '/home/user/robotic-soln/install/custom_interfaces' for CMake module files
[35.050s] Level 1:colcon.colcon_core.environment:checking '/home/user/robotic-soln/install/custom_interfaces' for CMake config files
[35.050s] Level 1:colcon.colcon_core.shell:create_environment_hook('custom_interfaces', 'cmake_prefix_path')
[35.124s] INFO:colcon.colcon_core.shell:Creating environment hook '/home/user/robotic-soln/install/custom_interfaces/share/custom_interfaces/hook/cmake_prefix_path.ps1'
[35.126s] INFO:colcon.colcon_core.shell:Creating environment descriptor '/home/user/robotic-soln/install/custom_interfaces/share/custom_interfaces/hook/cmake_prefix_path.dsv'
[35.127s] INFO:colcon.colcon_core.shell:Creating environment hook '/home/user/robotic-soln/install/custom_interfaces/share/custom_interfaces/hook/cmake_prefix_path.sh'
[35.128s] Level 1:colcon.colcon_core.environment:checking '/home/user/robotic-soln/install/custom_interfaces/lib'
[35.129s] Level 1:colcon.colcon_core.shell:create_environment_hook('custom_interfaces', 'ld_library_path_lib')
[35.173s] INFO:colcon.colcon_core.shell:Creating environment hook '/home/user/robotic-soln/install/custom_interfaces/share/custom_interfaces/hook/ld_library_path_lib.ps1'
[35.174s] INFO:colcon.colcon_core.shell:Creating environment descriptor '/home/user/robotic-soln/install/custom_interfaces/share/custom_interfaces/hook/ld_library_path_lib.dsv'
[35.174s] INFO:colcon.colcon_core.shell:Creating environment hook '/home/user/robotic-soln/install/custom_interfaces/share/custom_interfaces/hook/ld_library_path_lib.sh'
[35.174s] Level 1:colcon.colcon_core.environment:checking '/home/user/robotic-soln/install/custom_interfaces/bin'
[35.174s] Level 1:colcon.colcon_core.environment:checking '/home/user/robotic-soln/install/custom_interfaces/lib/pkgconfig/custom_interfaces.pc'
[35.175s] Level 1:colcon.colcon_core.environment:checking '/home/user/robotic-soln/install/custom_interfaces/lib/python3.10/site-packages'
[35.175s] Level 1:colcon.colcon_core.environment:checking '/home/user/robotic-soln/install/custom_interfaces/bin'
[35.244s] INFO:colcon.colcon_core.shell:Creating package script '/home/user/robotic-soln/install/custom_interfaces/share/custom_interfaces/package.ps1'
[35.252s] INFO:colcon.colcon_core.shell:Creating package descriptor '/home/user/robotic-soln/install/custom_interfaces/share/custom_interfaces/package.dsv'
[35.259s] INFO:colcon.colcon_core.shell:Creating package script '/home/user/robotic-soln/install/custom_interfaces/share/custom_interfaces/package.sh'
[35.261s] INFO:colcon.colcon_core.shell:Creating package script '/home/user/robotic-soln/install/custom_interfaces/share/custom_interfaces/package.bash'
[35.262s] INFO:colcon.colcon_core.shell:Creating package script '/home/user/robotic-soln/install/custom_interfaces/share/custom_interfaces/package.zsh'
[35.264s] Level 1:colcon.colcon_core.environment:create_file_with_runtime_dependencies(/home/user/robotic-soln/install/custom_interfaces/share/colcon-core/packages/custom_interfaces)
[35.620s] Level 1:colcon.colcon_core.environment:create_environment_scripts_only(custom_interfaces)
[35.649s] Level 1:colcon.colcon_core.environment:checking '/home/user/robotic-soln/install/custom_interfaces' for CMake module files
[35.652s] Level 1:colcon.colcon_core.environment:checking '/home/user/robotic-soln/install/custom_interfaces' for CMake config files
[35.652s] Level 1:colcon.colcon_core.shell:create_environment_hook('custom_interfaces', 'cmake_prefix_path')
[35.674s] INFO:colcon.colcon_core.shell:Creating environment hook '/home/user/robotic-soln/install/custom_interfaces/share/custom_interfaces/hook/cmake_prefix_path.ps1'
[35.676s] INFO:colcon.colcon_core.shell:Creating environment descriptor '/home/user/robotic-soln/install/custom_interfaces/share/custom_interfaces/hook/cmake_prefix_path.dsv'
[35.677s] INFO:colcon.colcon_core.shell:Creating environment hook '/home/user/robotic-soln/install/custom_interfaces/share/custom_interfaces/hook/cmake_prefix_path.sh'
[35.679s] Level 1:colcon.colcon_core.environment:checking '/home/user/robotic-soln/install/custom_interfaces/lib'
[35.679s] Level 1:colcon.colcon_core.shell:create_environment_hook('custom_interfaces', 'ld_library_path_lib')
[35.710s] INFO:colcon.colcon_core.shell:Creating environment hook '/home/user/robotic-soln/install/custom_interfaces/share/custom_interfaces/hook/ld_library_path_lib.ps1'
[35.712s] INFO:colcon.colcon_core.shell:Creating environment descriptor '/home/user/robotic-soln/install/custom_interfaces/share/custom_interfaces/hook/ld_library_path_lib.dsv'
[35.713s] INFO:colcon.colcon_core.shell:Creating environment hook '/home/user/robotic-soln/install/custom_interfaces/share/custom_interfaces/hook/ld_library_path_lib.sh'
[35.714s] Level 1:colcon.colcon_core.environment:checking '/home/user/robotic-soln/install/custom_interfaces/bin'
[35.714s] Level 1:colcon.colcon_core.environment:checking '/home/user/robotic-soln/install/custom_interfaces/lib/pkgconfig/custom_interfaces.pc'
[35.715s] Level 1:colcon.colcon_core.environment:checking '/home/user/robotic-soln/install/custom_interfaces/lib/python3.10/site-packages'
[35.715s] Level 1:colcon.colcon_core.environment:checking '/home/user/robotic-soln/install/custom_interfaces/bin'
[35.737s] INFO:colcon.colcon_core.shell:Creating package script '/home/user/robotic-soln/install/custom_interfaces/share/custom_interfaces/package.ps1'
[35.739s] INFO:colcon.colcon_core.shell:Creating package descriptor '/home/user/robotic-soln/install/custom_interfaces/share/custom_interfaces/package.dsv'
[35.742s] INFO:colcon.colcon_core.shell:Creating package script '/home/user/robotic-soln/install/custom_interfaces/share/custom_interfaces/package.sh'
[35.743s] INFO:colcon.colcon_core.shell:Creating package script '/home/user/robotic-soln/install/custom_interfaces/share/custom_interfaces/package.bash'
[35.743s] INFO:colcon.colcon_core.shell:Creating package script '/home/user/robotic-soln/install/custom_interfaces/share/custom_interfaces/package.zsh'
[35.744s] Level 1:colcon.colcon_core.environment:create_file_with_runtime_dependencies(/home/user/robotic-soln/install/custom_interfaces/share/colcon-core/packages/custom_interfaces)
[35.746s] INFO:colcon.colcon_ros.task.ament_python.build:Building ROS package in '/home/user/robotic-soln/src/py_srvcli' with build type 'ament_python'
[35.746s] Level 1:colcon.colcon_core.shell:create_environment_hook('py_srvcli', 'ament_prefix_path')
[35.778s] INFO:colcon.colcon_core.shell:Creating environment hook '/home/user/robotic-soln/install/py_srvcli/share/py_srvcli/hook/ament_prefix_path.ps1'
[35.781s] INFO:colcon.colcon_core.shell:Creating environment descriptor '/home/user/robotic-soln/install/py_srvcli/share/py_srvcli/hook/ament_prefix_path.dsv'
[35.782s] INFO:colcon.colcon_core.shell:Creating environment hook '/home/user/robotic-soln/install/py_srvcli/share/py_srvcli/hook/ament_prefix_path.sh'
[35.806s] INFO:colcon.colcon_core.shell:Skip shell extension 'powershell' for command environment: Not usable outside of PowerShell
[35.807s] DEBUG:colcon.colcon_core.shell:Skip shell extension 'dsv' for command environment
[36.331s] INFO:colcon.colcon_core.task.python.build:Building Python package in '/home/user/robotic-soln/src/py_srvcli'
[36.351s] INFO:colcon.colcon_core.shell:Skip shell extension 'powershell' for command environment: Not usable outside of PowerShell
[36.352s] DEBUG:colcon.colcon_core.shell:Skip shell extension 'dsv' for command environment
[37.022s] DEBUG:colcon.colcon_core.event_handler.log_command:Invoking command in '/home/user/robotic-soln/src/py_srvcli': PYTHONPATH=/home/user/robotic-soln/build/py_srvcli/prefix_override:/home/user/robotic-soln/install/py_srvcli/lib/python3.10/site-packages:${PYTHONPATH} /usr/bin/python3 setup.py egg_info --egg-base ../../build/py_srvcli build --build-base /home/user/robotic-soln/build/py_srvcli/build install --record /home/user/robotic-soln/build/py_srvcli/install.log --single-version-externally-managed
[37.607s] DEBUG:colcon.colcon_core.event_handler.log_command:Invoked command in '/home/user/robotic-soln/src/py_srvcli' returned '0': PYTHONPATH=/home/user/robotic-soln/build/py_srvcli/prefix_override:/home/user/robotic-soln/install/py_srvcli/lib/python3.10/site-packages:${PYTHONPATH} /usr/bin/python3 setup.py egg_info --egg-base ../../build/py_srvcli build --build-base /home/user/robotic-soln/build/py_srvcli/build install --record /home/user/robotic-soln/build/py_srvcli/install.log --single-version-externally-managed
[37.633s] Level 1:colcon.colcon_core.environment:checking '/home/user/robotic-soln/install/py_srvcli' for CMake module files
[37.634s] Level 1:colcon.colcon_core.environment:checking '/home/user/robotic-soln/install/py_srvcli' for CMake config files
[37.634s] Level 1:colcon.colcon_core.environment:checking '/home/user/robotic-soln/install/py_srvcli/lib'
[37.635s] Level 1:colcon.colcon_core.environment:checking '/home/user/robotic-soln/install/py_srvcli/bin'
[37.635s] Level 1:colcon.colcon_core.environment:checking '/home/user/robotic-soln/install/py_srvcli/lib/pkgconfig/py_srvcli.pc'
[37.635s] Level 1:colcon.colcon_core.environment:checking '/home/user/robotic-soln/install/py_srvcli/lib/python3.10/site-packages'
[37.636s] Level 1:colcon.colcon_core.shell:create_environment_hook('py_srvcli', 'pythonpath')
[37.656s] INFO:colcon.colcon_core.shell:Creating environment hook '/home/user/robotic-soln/install/py_srvcli/share/py_srvcli/hook/pythonpath.ps1'
[37.657s] INFO:colcon.colcon_core.shell:Creating environment descriptor '/home/user/robotic-soln/install/py_srvcli/share/py_srvcli/hook/pythonpath.dsv'
[37.658s] INFO:colcon.colcon_core.shell:Creating environment hook '/home/user/robotic-soln/install/py_srvcli/share/py_srvcli/hook/pythonpath.sh'
[37.659s] Level 1:colcon.colcon_core.environment:checking '/home/user/robotic-soln/install/py_srvcli/bin'
[37.659s] Level 1:colcon.colcon_core.environment:create_environment_scripts_only(py_srvcli)
[37.680s] INFO:colcon.colcon_core.shell:Creating package script '/home/user/robotic-soln/install/py_srvcli/share/py_srvcli/package.ps1'
[37.681s] INFO:colcon.colcon_core.shell:Creating package descriptor '/home/user/robotic-soln/install/py_srvcli/share/py_srvcli/package.dsv'
[37.682s] INFO:colcon.colcon_core.shell:Creating package script '/home/user/robotic-soln/install/py_srvcli/share/py_srvcli/package.sh'
[37.683s] INFO:colcon.colcon_core.shell:Creating package script '/home/user/robotic-soln/install/py_srvcli/share/py_srvcli/package.bash'
[37.684s] INFO:colcon.colcon_core.shell:Creating package script '/home/user/robotic-soln/install/py_srvcli/share/py_srvcli/package.zsh'
[37.685s] Level 1:colcon.colcon_core.environment:create_file_with_runtime_dependencies(/home/user/robotic-soln/install/py_srvcli/share/colcon-core/packages/py_srvcli)
[37.697s] INFO:colcon.colcon_ros.task.ament_python.build:Building ROS package in '/home/user/robotic-soln/src/py_pubsub' with build type 'ament_python'
[37.697s] Level 1:colcon.colcon_core.shell:create_environment_hook('py_pubsub', 'ament_prefix_path')
[37.720s] INFO:colcon.colcon_core.shell:Creating environment hook '/home/user/robotic-soln/install/py_pubsub/share/py_pubsub/hook/ament_prefix_path.ps1'
[37.723s] INFO:colcon.colcon_core.shell:Creating environment descriptor '/home/user/robotic-soln/install/py_pubsub/share/py_pubsub/hook/ament_prefix_path.dsv'
[37.725s] INFO:colcon.colcon_core.shell:Creating environment hook '/home/user/robotic-soln/install/py_pubsub/share/py_pubsub/hook/ament_prefix_path.sh'
[37.793s] INFO:colcon.colcon_core.shell:Skip shell extension 'powershell' for command environment: Not usable outside of PowerShell
[37.806s] DEBUG:colcon.colcon_core.shell:Skip shell extension 'dsv' for command environment
[38.800s] INFO:colcon.colcon_core.task.python.build:Building Python package in '/home/user/robotic-soln/src/py_pubsub'
[38.851s] INFO:colcon.colcon_core.shell:Skip shell extension 'powershell' for command environment: Not usable outside of PowerShell
[38.859s] DEBUG:colcon.colcon_core.shell:Skip shell extension 'dsv' for command environment
[40.202s] DEBUG:colcon.colcon_core.event_handler.log_command:Invoking command in '/home/user/robotic-soln/src/py_pubsub': AMENT_PREFIX_PATH=/home/user/robotic-soln/install/custom_interfaces:${AMENT_PREFIX_PATH} CMAKE_PREFIX_PATH=/home/user/robotic-soln/install/custom_interfaces LD_LIBRARY_PATH=/home/user/robotic-soln/install/custom_interfaces/lib:${LD_LIBRARY_PATH} PYTHONPATH=/home/user/robotic-soln/build/py_pubsub/prefix_override:/home/user/robotic-soln/install/py_pubsub/lib/python3.10/site-packages:/home/user/robotic-soln/install/custom_interfaces/local/lib/python3.10/dist-packages:${PYTHONPATH} /usr/bin/python3 setup.py egg_info --egg-base ../../build/py_pubsub build --build-base /home/user/robotic-soln/build/py_pubsub/build install --record /home/user/robotic-soln/build/py_pubsub/install.log --single-version-externally-managed
[41.272s] DEBUG:colcon.colcon_core.event_handler.log_command:Invoked command in '/home/user/robotic-soln/src/py_pubsub' returned '0': AMENT_PREFIX_PATH=/home/user/robotic-soln/install/custom_interfaces:${AMENT_PREFIX_PATH} CMAKE_PREFIX_PATH=/home/user/robotic-soln/install/custom_interfaces LD_LIBRARY_PATH=/home/user/robotic-soln/install/custom_interfaces/lib:${LD_LIBRARY_PATH} PYTHONPATH=/home/user/robotic-soln/build/py_pubsub/prefix_override:/home/user/robotic-soln/install/py_pubsub/lib/python3.10/site-packages:/home/user/robotic-soln/install/custom_interfaces/local/lib/python3.10/dist-packages:${PYTHONPATH} /usr/bin/python3 setup.py egg_info --egg-base ../../build/py_pubsub build --build-base /home/user/robotic-soln/build/py_pubsub/build install --record /home/user/robotic-soln/build/py_pubsub/install.log --single-version-externally-managed
[41.304s] Level 1:colcon.colcon_core.environment:checking '/home/user/robotic-soln/install/py_pubsub' for CMake module files
[41.304s] Level 1:colcon.colcon_core.environment:checking '/home/user/robotic-soln/install/py_pubsub' for CMake config files
[41.305s] Level 1:colcon.colcon_core.environment:checking '/home/user/robotic-soln/install/py_pubsub/lib'
[41.305s] Level 1:colcon.colcon_core.environment:checking '/home/user/robotic-soln/install/py_pubsub/bin'
[41.305s] Level 1:colcon.colcon_core.environment:checking '/home/user/robotic-soln/install/py_pubsub/lib/pkgconfig/py_pubsub.pc'
[41.306s] Level 1:colcon.colcon_core.environment:checking '/home/user/robotic-soln/install/py_pubsub/lib/python3.10/site-packages'
[41.306s] Level 1:colcon.colcon_core.shell:create_environment_hook('py_pubsub', 'pythonpath')
[41.346s] INFO:colcon.colcon_core.shell:Creating environment hook '/home/user/robotic-soln/install/py_pubsub/share/py_pubsub/hook/pythonpath.ps1'
[41.357s] INFO:colcon.colcon_core.shell:Creating environment descriptor '/home/user/robotic-soln/install/py_pubsub/share/py_pubsub/hook/pythonpath.dsv'
[41.358s] INFO:colcon.colcon_core.shell:Creating environment hook '/home/user/robotic-soln/install/py_pubsub/share/py_pubsub/hook/pythonpath.sh'
[41.358s] Level 1:colcon.colcon_core.environment:checking '/home/user/robotic-soln/install/py_pubsub/bin'
[41.358s] Level 1:colcon.colcon_core.environment:create_environment_scripts_only(py_pubsub)
[41.411s] INFO:colcon.colcon_core.shell:Creating package script '/home/user/robotic-soln/install/py_pubsub/share/py_pubsub/package.ps1'
[41.412s] INFO:colcon.colcon_core.shell:Creating package descriptor '/home/user/robotic-soln/install/py_pubsub/share/py_pubsub/package.dsv'
[41.413s] INFO:colcon.colcon_core.shell:Creating package script '/home/user/robotic-soln/install/py_pubsub/share/py_pubsub/package.sh'
[41.413s] INFO:colcon.colcon_core.shell:Creating package script '/home/user/robotic-soln/install/py_pubsub/share/py_pubsub/package.bash'
[41.413s] INFO:colcon.colcon_core.shell:Creating package script '/home/user/robotic-soln/install/py_pubsub/share/py_pubsub/package.zsh'
[41.414s] Level 1:colcon.colcon_core.environment:create_file_with_runtime_dependencies(/home/user/robotic-soln/install/py_pubsub/share/colcon-core/packages/py_pubsub)
[41.421s] DEBUG:colcon.colcon_parallel_executor.executor.parallel:closing loop
[41.422s] DEBUG:colcon.colcon_parallel_executor.executor.parallel:loop closed
[41.422s] DEBUG:colcon.colcon_parallel_executor.executor.parallel:run_until_complete finished with '0'
[41.422s] DEBUG:colcon.colcon_core.event_reactor:joining thread
[41.516s] INFO:colcon.colcon_core.plugin_system:Skipping extension 'colcon_notification.desktop_notification.terminal_notifier': Not used on non-Darwin systems
[41.516s] INFO:colcon.colcon_core.plugin_system:Skipping extension 'colcon_notification.desktop_notification.win32': Not used on non-Windows systems
[41.516s] INFO:colcon.colcon_notification.desktop_notification:Sending desktop notification using 'notify2'
[41.901s] DEBUG:colcon.colcon_core.event_reactor:joined thread
[41.963s] INFO:colcon.colcon_core.shell:Creating prefix script '/home/user/robotic-soln/install/local_setup.ps1'
[41.981s] INFO:colcon.colcon_core.shell:Creating prefix util module '/home/user/robotic-soln/install/_local_setup_util_ps1.py'
[41.983s] INFO:colcon.colcon_core.shell:Creating prefix chain script '/home/user/robotic-soln/install/setup.ps1'
[42.058s] INFO:colcon.colcon_core.shell:Creating prefix script '/home/user/robotic-soln/install/local_setup.sh'
[42.062s] INFO:colcon.colcon_core.shell:Creating prefix util module '/home/user/robotic-soln/install/_local_setup_util_sh.py'
[42.062s] INFO:colcon.colcon_core.shell:Creating prefix chain script '/home/user/robotic-soln/install/setup.sh'
[42.130s] INFO:colcon.colcon_core.shell:Creating prefix script '/home/user/robotic-soln/install/local_setup.bash'
[42.131s] INFO:colcon.colcon_core.shell:Creating prefix chain script '/home/user/robotic-soln/install/setup.bash'
[42.197s] INFO:colcon.colcon_core.shell:Creating prefix script '/home/user/robotic-soln/install/local_setup.zsh'
[42.206s] INFO:colcon.colcon_core.shell:Creating prefix chain script '/home/user/robotic-soln/install/setup.zsh'
