[1.276s] Invoking command in '/home/user/robotic-soln/src/py_srvcli': PYTHONPATH=/home/user/robotic-soln/build/py_srvcli/prefix_override:/home/user/robotic-soln/install/py_srvcli/lib/python3.10/site-packages:${PYTHONPATH} /usr/bin/python3 setup.py egg_info --egg-base ../../build/py_srvcli build --build-base /home/user/robotic-soln/build/py_srvcli/build install --record /home/user/robotic-soln/build/py_srvcli/install.log --single-version-externally-managed
[1.683s] running egg_info
[1.685s] creating ../../build/py_srvcli/py_srvcli.egg-info
[1.686s] writing ../../build/py_srvcli/py_srvcli.egg-info/PKG-INFO
[1.688s] writing dependency_links to ../../build/py_srvcli/py_srvcli.egg-info/dependency_links.txt
[1.690s] writing entry points to ../../build/py_srvcli/py_srvcli.egg-info/entry_points.txt
[1.691s] writing requirements to ../../build/py_srvcli/py_srvcli.egg-info/requires.txt
[1.696s] writing top-level names to ../../build/py_srvcli/py_srvcli.egg-info/top_level.txt
[1.697s] writing manifest file '../../build/py_srvcli/py_srvcli.egg-info/SOURCES.txt'
[1.701s] reading manifest file '../../build/py_srvcli/py_srvcli.egg-info/SOURCES.txt'
[1.702s] writing manifest file '../../build/py_srvcli/py_srvcli.egg-info/SOURCES.txt'
[1.704s] running build
[1.704s] running build_py
[1.704s] creating /home/user/robotic-soln/build/py_srvcli/build
[1.706s] creating /home/user/robotic-soln/build/py_srvcli/build/lib
[1.706s] creating /home/user/robotic-soln/build/py_srvcli/build/lib/py_srvcli
[1.707s] copying py_srvcli/service_member_function.py -> /home/user/robotic-soln/build/py_srvcli/build/lib/py_srvcli
[1.707s] copying py_srvcli/__init__.py -> /home/user/robotic-soln/build/py_srvcli/build/lib/py_srvcli
[1.707s] copying py_srvcli/client_member_function.py -> /home/user/robotic-soln/build/py_srvcli/build/lib/py_srvcli
[1.731s] running install
[1.733s] /usr/lib/python3/dist-packages/setuptools/command/install.py:34: SetuptoolsDeprecationWarning: setup.py install is deprecated. Use build and pip and other standards-based tools.
[1.734s]   warnings.warn(
[1.735s] running install_lib
[1.738s] creating /home/user/robotic-soln/install/py_srvcli/lib/python3.10/site-packages/py_srvcli
[1.740s] copying /home/user/robotic-soln/build/py_srvcli/build/lib/py_srvcli/service_member_function.py -> /home/user/robotic-soln/install/py_srvcli/lib/python3.10/site-packages/py_srvcli
[1.741s] copying /home/user/robotic-soln/build/py_srvcli/build/lib/py_srvcli/__init__.py -> /home/user/robotic-soln/install/py_srvcli/lib/python3.10/site-packages/py_srvcli
[1.743s] copying /home/user/robotic-soln/build/py_srvcli/build/lib/py_srvcli/client_member_function.py -> /home/user/robotic-soln/install/py_srvcli/lib/python3.10/site-packages/py_srvcli
[1.746s] byte-compiling /home/user/robotic-soln/install/py_srvcli/lib/python3.10/site-packages/py_srvcli/service_member_function.py to service_member_function.cpython-310.pyc
[1.747s] byte-compiling /home/user/robotic-soln/install/py_srvcli/lib/python3.10/site-packages/py_srvcli/__init__.py to __init__.cpython-310.pyc
[1.750s] byte-compiling /home/user/robotic-soln/install/py_srvcli/lib/python3.10/site-packages/py_srvcli/client_member_function.py to client_member_function.cpython-310.pyc
[1.753s] running install_data
[1.754s] creating /home/user/robotic-soln/install/py_srvcli/share/ament_index
[1.755s] creating /home/user/robotic-soln/install/py_srvcli/share/ament_index/resource_index
[1.755s] creating /home/user/robotic-soln/install/py_srvcli/share/ament_index/resource_index/packages
[1.757s] copying resource/py_srvcli -> /home/user/robotic-soln/install/py_srvcli/share/ament_index/resource_index/packages
[1.758s] copying package.xml -> /home/user/robotic-soln/install/py_srvcli/share/py_srvcli
[1.759s] running install_egg_info
[1.776s] Copying ../../build/py_srvcli/py_srvcli.egg-info to /home/user/robotic-soln/install/py_srvcli/lib/python3.10/site-packages/py_srvcli-0.0.0-py3.10.egg-info
[1.780s] running install_scripts
[1.811s] Installing client script to /home/user/robotic-soln/install/py_srvcli/lib/py_srvcli
[1.813s] Installing service script to /home/user/robotic-soln/install/py_srvcli/lib/py_srvcli
[1.814s] writing list of installed files to '/home/user/robotic-soln/build/py_srvcli/install.log'
[1.860s] Invoked command in '/home/user/robotic-soln/src/py_srvcli' returned '0': PYTHONPATH=/home/user/robotic-soln/build/py_srvcli/prefix_override:/home/user/robotic-soln/install/py_srvcli/lib/python3.10/site-packages:${PYTHONPATH} /usr/bin/python3 setup.py egg_info --egg-base ../../build/py_srvcli build --build-base /home/user/robotic-soln/build/py_srvcli/build install --record /home/user/robotic-soln/build/py_srvcli/install.log --single-version-externally-managed
