[1.196s] Invoking command in '/home/user/robotic-soln/src/py_pubsub': AMENT_PREFIX_PATH=/home/user/robotic-soln/install/custom_interfaces:${AMENT_PREFIX_PATH} CMAKE_PREFIX_PATH=/home/user/robotic-soln/install/custom_interfaces LD_LIBRARY_PATH=/home/user/robotic-soln/install/custom_interfaces/lib:${LD_LIBRARY_PATH} PYTHONPATH=/home/user/robotic-soln/build/py_pubsub/prefix_override:/home/user/robotic-soln/install/py_pubsub/lib/python3.10/site-packages:/home/user/robotic-soln/install/custom_interfaces/local/lib/python3.10/dist-packages:${PYTHONPATH} /usr/bin/python3 setup.py egg_info --egg-base ../../build/py_pubsub build --build-base /home/user/robotic-soln/build/py_pubsub/build install --record /home/user/robotic-soln/build/py_pubsub/install.log --single-version-externally-managed
[1.579s] running egg_info
[1.580s] writing ../../build/py_pubsub/py_pubsub.egg-info/PKG-INFO
[1.588s] writing dependency_links to ../../build/py_pubsub/py_pubsub.egg-info/dependency_links.txt
[1.589s] writing entry points to ../../build/py_pubsub/py_pubsub.egg-info/entry_points.txt
[1.590s] writing requirements to ../../build/py_pubsub/py_pubsub.egg-info/requires.txt
[1.591s] writing top-level names to ../../build/py_pubsub/py_pubsub.egg-info/top_level.txt
[1.601s] reading manifest file '../../build/py_pubsub/py_pubsub.egg-info/SOURCES.txt'
[1.604s] writing manifest file '../../build/py_pubsub/py_pubsub.egg-info/SOURCES.txt'
[1.604s] running build
[1.605s] running build_py
[1.609s] running install
[1.609s] /usr/lib/python3/dist-packages/setuptools/command/install.py:34: SetuptoolsDeprecationWarning: setup.py install is deprecated. Use build and pip and other standards-based tools.
[1.609s]   warnings.warn(
[1.610s] running install_lib
[1.614s] running install_data
[1.616s] running install_egg_info
[1.618s] removing '/home/user/robotic-soln/install/py_pubsub/lib/python3.10/site-packages/py_pubsub-0.0.0-py3.10.egg-info' (and everything under it)
[1.619s] Copying ../../build/py_pubsub/py_pubsub.egg-info to /home/user/robotic-soln/install/py_pubsub/lib/python3.10/site-packages/py_pubsub-0.0.0-py3.10.egg-info
[1.627s] running install_scripts
[1.657s] Installing listener script to /home/user/robotic-soln/install/py_pubsub/lib/py_pubsub
[1.659s] Installing talker script to /home/user/robotic-soln/install/py_pubsub/lib/py_pubsub
[1.660s] writing list of installed files to '/home/user/robotic-soln/build/py_pubsub/install.log'
[1.693s] Invoked command in '/home/user/robotic-soln/src/py_pubsub' returned '0': AMENT_PREFIX_PATH=/home/user/robotic-soln/install/custom_interfaces:${AMENT_PREFIX_PATH} CMAKE_PREFIX_PATH=/home/user/robotic-soln/install/custom_interfaces LD_LIBRARY_PATH=/home/user/robotic-soln/install/custom_interfaces/lib:${LD_LIBRARY_PATH} PYTHONPATH=/home/user/robotic-soln/build/py_pubsub/prefix_override:/home/user/robotic-soln/install/py_pubsub/lib/python3.10/site-packages:/home/user/robotic-soln/install/custom_interfaces/local/lib/python3.10/dist-packages:${PYTHONPATH} /usr/bin/python3 setup.py egg_info --egg-base ../../build/py_pubsub build --build-base /home/user/robotic-soln/build/py_pubsub/build install --record /home/user/robotic-soln/build/py_pubsub/install.log --single-version-externally-managed
