[0.126s] Invoking command in '/home/user/robotic-soln/build/custom_interfaces': CMAKE_PREFIX_PATH=/opt/ros/humble /usr/bin/cmake --build /home/user/robotic-soln/build/custom_interfaces -- -j1 -l1
[0.408s] [  2%] Built target custom_interfaces__cpp
[0.452s] [35m[1mConsolidate compiler generated dependencies of target custom_interfaces__rosidl_typesupport_cpp[0m
[0.520s] [ 12%] Built target custom_interfaces__rosidl_typesupport_cpp
[0.553s] [35m[1mConsolidate compiler generated dependencies of target custom_interfaces__rosidl_generator_c[0m
[0.575s] [ 23%] Built target custom_interfaces__rosidl_generator_c
[0.603s] [35m[1mConsolidate compiler generated dependencies of target custom_interfaces__rosidl_typesupport_fastrtps_c[0m
[0.648s] [ 34%] Built target custom_interfaces__rosidl_typesupport_fastrtps_c
[0.680s] [35m[1mConsolidate compiler generated dependencies of target custom_interfaces__rosidl_typesupport_fastrtps_cpp[0m
[0.702s] [ 44%] Built target custom_interfaces__rosidl_typesupport_fastrtps_cpp
[0.740s] [35m[1mConsolidate compiler generated dependencies of target custom_interfaces__rosidl_typesupport_introspection_c[0m
[0.763s] [ 55%] Built target custom_interfaces__rosidl_typesupport_introspection_c
[0.790s] [35m[1mConsolidate compiler generated dependencies of target custom_interfaces__rosidl_typesupport_c[0m
[0.808s] [ 65%] Built target custom_interfaces__rosidl_typesupport_c
[0.848s] [35m[1mConsolidate compiler generated dependencies of target custom_interfaces__rosidl_typesupport_introspection_cpp[0m
[0.873s] [ 76%] Built target custom_interfaces__rosidl_typesupport_introspection_cpp
[0.907s] [ 76%] Built target custom_interfaces
[0.986s] [ 76%] Built target ament_cmake_python_copy_custom_interfaces
[1.416s] running egg_info
[1.417s] writing custom_interfaces.egg-info/PKG-INFO
[1.418s] writing dependency_links to custom_interfaces.egg-info/dependency_links.txt
[1.419s] writing top-level names to custom_interfaces.egg-info/top_level.txt
[1.428s] reading manifest file 'custom_interfaces.egg-info/SOURCES.txt'
[1.430s] writing manifest file 'custom_interfaces.egg-info/SOURCES.txt'
[1.472s] [ 76%] Built target ament_cmake_python_build_custom_interfaces_egg
[1.523s] [ 78%] Built target custom_interfaces__py
[1.549s] [35m[1mConsolidate compiler generated dependencies of target custom_interfaces__rosidl_generator_py[0m
[1.587s] [ 87%] Built target custom_interfaces__rosidl_generator_py
[1.610s] [35m[1mConsolidate compiler generated dependencies of target custom_interfaces__rosidl_typesupport_fastrtps_c__pyext[0m
[1.648s] [ 91%] Built target custom_interfaces__rosidl_typesupport_fastrtps_c__pyext
[1.681s] [35m[1mConsolidate compiler generated dependencies of target custom_interfaces__rosidl_typesupport_introspection_c__pyext[0m
[1.710s] [ 95%] Built target custom_interfaces__rosidl_typesupport_introspection_c__pyext
[1.736s] [35m[1mConsolidate compiler generated dependencies of target custom_interfaces__rosidl_typesupport_c__pyext[0m
[1.757s] [100%] Built target custom_interfaces__rosidl_typesupport_c__pyext
[1.772s] Invoked command in '/home/user/robotic-soln/build/custom_interfaces' returned '0': CMAKE_PREFIX_PATH=/opt/ros/humble /usr/bin/cmake --build /home/user/robotic-soln/build/custom_interfaces -- -j1 -l1
[2.022s] Invoking command in '/home/user/robotic-soln/build/custom_interfaces': CMAKE_PREFIX_PATH=/opt/ros/humble /usr/bin/cmake --install /home/user/robotic-soln/build/custom_interfaces
[2.044s] -- Install configuration: ""
[2.048s] -- Up-to-date: /home/user/robotic-soln/install/custom_interfaces/share/ament_index/resource_index/rosidl_interfaces/custom_interfaces
[2.049s] -- Up-to-date: /home/user/robotic-soln/install/custom_interfaces/include/custom_interfaces/custom_interfaces
[2.050s] -- Up-to-date: /home/user/robotic-soln/install/custom_interfaces/include/custom_interfaces/custom_interfaces/srv
[2.050s] -- Up-to-date: /home/user/robotic-soln/install/custom_interfaces/include/custom_interfaces/custom_interfaces/srv/detail
[2.051s] -- Up-to-date: /home/user/robotic-soln/install/custom_interfaces/include/custom_interfaces/custom_interfaces/srv/detail/add_three_ints__functions.h
[2.052s] -- Up-to-date: /home/user/robotic-soln/install/custom_interfaces/include/custom_interfaces/custom_interfaces/srv/detail/add_three_ints__functions.c
[2.052s] -- Up-to-date: /home/user/robotic-soln/install/custom_interfaces/include/custom_interfaces/custom_interfaces/srv/detail/add_three_ints__struct.h
[2.052s] -- Up-to-date: /home/user/robotic-soln/install/custom_interfaces/include/custom_interfaces/custom_interfaces/srv/detail/add_three_ints__type_support.h
[2.052s] -- Up-to-date: /home/user/robotic-soln/install/custom_interfaces/include/custom_interfaces/custom_interfaces/srv/add_three_ints.h
[2.052s] -- Up-to-date: /home/user/robotic-soln/install/custom_interfaces/include/custom_interfaces/custom_interfaces/msg
[2.053s] -- Up-to-date: /home/user/robotic-soln/install/custom_interfaces/include/custom_interfaces/custom_interfaces/msg/detail
[2.055s] -- Up-to-date: /home/user/robotic-soln/install/custom_interfaces/include/custom_interfaces/custom_interfaces/msg/detail/num__functions.h
[2.055s] -- Up-to-date: /home/user/robotic-soln/install/custom_interfaces/include/custom_interfaces/custom_interfaces/msg/detail/num__struct.h
[2.055s] -- Up-to-date: /home/user/robotic-soln/install/custom_interfaces/include/custom_interfaces/custom_interfaces/msg/detail/sphere__functions.h
[2.056s] -- Up-to-date: /home/user/robotic-soln/install/custom_interfaces/include/custom_interfaces/custom_interfaces/msg/detail/sphere__functions.c
[2.056s] -- Up-to-date: /home/user/robotic-soln/install/custom_interfaces/include/custom_interfaces/custom_interfaces/msg/detail/sphere__type_support.h
[2.056s] -- Up-to-date: /home/user/robotic-soln/install/custom_interfaces/include/custom_interfaces/custom_interfaces/msg/detail/num__type_support.h
[2.056s] -- Up-to-date: /home/user/robotic-soln/install/custom_interfaces/include/custom_interfaces/custom_interfaces/msg/detail/num__functions.c
[2.057s] -- Up-to-date: /home/user/robotic-soln/install/custom_interfaces/include/custom_interfaces/custom_interfaces/msg/detail/sphere__struct.h
[2.057s] -- Up-to-date: /home/user/robotic-soln/install/custom_interfaces/include/custom_interfaces/custom_interfaces/msg/rosidl_generator_c__visibility_control.h
[2.057s] -- Up-to-date: /home/user/robotic-soln/install/custom_interfaces/include/custom_interfaces/custom_interfaces/msg/num.h
[2.057s] -- Up-to-date: /home/user/robotic-soln/install/custom_interfaces/include/custom_interfaces/custom_interfaces/msg/sphere.h
[2.059s] -- Up-to-date: /home/user/robotic-soln/install/custom_interfaces/share/custom_interfaces/environment/library_path.sh
[2.059s] -- Up-to-date: /home/user/robotic-soln/install/custom_interfaces/share/custom_interfaces/environment/library_path.dsv
[2.061s] -- Up-to-date: /home/user/robotic-soln/install/custom_interfaces/lib/libcustom_interfaces__rosidl_generator_c.so
[2.062s] -- Up-to-date: /home/user/robotic-soln/install/custom_interfaces/include/custom_interfaces/custom_interfaces
[2.062s] -- Up-to-date: /home/user/robotic-soln/install/custom_interfaces/include/custom_interfaces/custom_interfaces/srv
[2.062s] -- Up-to-date: /home/user/robotic-soln/install/custom_interfaces/include/custom_interfaces/custom_interfaces/srv/detail
[2.062s] -- Up-to-date: /home/user/robotic-soln/install/custom_interfaces/include/custom_interfaces/custom_interfaces/srv/detail/add_three_ints__rosidl_typesupport_fastrtps_c.h
[2.063s] -- Up-to-date: /home/user/robotic-soln/install/custom_interfaces/include/custom_interfaces/custom_interfaces/msg
[2.063s] -- Up-to-date: /home/user/robotic-soln/install/custom_interfaces/include/custom_interfaces/custom_interfaces/msg/detail
[2.063s] -- Up-to-date: /home/user/robotic-soln/install/custom_interfaces/include/custom_interfaces/custom_interfaces/msg/detail/sphere__rosidl_typesupport_fastrtps_c.h
[2.063s] -- Up-to-date: /home/user/robotic-soln/install/custom_interfaces/include/custom_interfaces/custom_interfaces/msg/detail/num__rosidl_typesupport_fastrtps_c.h
[2.063s] -- Up-to-date: /home/user/robotic-soln/install/custom_interfaces/include/custom_interfaces/custom_interfaces/msg/rosidl_typesupport_fastrtps_c__visibility_control.h
[2.065s] -- Up-to-date: /home/user/robotic-soln/install/custom_interfaces/lib/libcustom_interfaces__rosidl_typesupport_fastrtps_c.so
[2.066s] -- Up-to-date: /home/user/robotic-soln/install/custom_interfaces/include/custom_interfaces/custom_interfaces
[2.066s] -- Up-to-date: /home/user/robotic-soln/install/custom_interfaces/include/custom_interfaces/custom_interfaces/srv
[2.066s] -- Up-to-date: /home/user/robotic-soln/install/custom_interfaces/include/custom_interfaces/custom_interfaces/srv/detail
[2.066s] -- Up-to-date: /home/user/robotic-soln/install/custom_interfaces/include/custom_interfaces/custom_interfaces/srv/detail/add_three_ints__traits.hpp
[2.066s] -- Up-to-date: /home/user/robotic-soln/install/custom_interfaces/include/custom_interfaces/custom_interfaces/srv/detail/add_three_ints__builder.hpp
[2.067s] -- Up-to-date: /home/user/robotic-soln/install/custom_interfaces/include/custom_interfaces/custom_interfaces/srv/detail/add_three_ints__struct.hpp
[2.067s] -- Up-to-date: /home/user/robotic-soln/install/custom_interfaces/include/custom_interfaces/custom_interfaces/srv/add_three_ints.hpp
[2.067s] -- Up-to-date: /home/user/robotic-soln/install/custom_interfaces/include/custom_interfaces/custom_interfaces/msg
[2.067s] -- Up-to-date: /home/user/robotic-soln/install/custom_interfaces/include/custom_interfaces/custom_interfaces/msg/detail
[2.067s] -- Up-to-date: /home/user/robotic-soln/install/custom_interfaces/include/custom_interfaces/custom_interfaces/msg/detail/num__struct.hpp
[2.067s] -- Up-to-date: /home/user/robotic-soln/install/custom_interfaces/include/custom_interfaces/custom_interfaces/msg/detail/sphere__traits.hpp
[2.068s] -- Up-to-date: /home/user/robotic-soln/install/custom_interfaces/include/custom_interfaces/custom_interfaces/msg/detail/num__builder.hpp
[2.068s] -- Up-to-date: /home/user/robotic-soln/install/custom_interfaces/include/custom_interfaces/custom_interfaces/msg/detail/num__traits.hpp
[2.068s] -- Up-to-date: /home/user/robotic-soln/install/custom_interfaces/include/custom_interfaces/custom_interfaces/msg/detail/sphere__struct.hpp
[2.068s] -- Up-to-date: /home/user/robotic-soln/install/custom_interfaces/include/custom_interfaces/custom_interfaces/msg/detail/sphere__builder.hpp
[2.068s] -- Up-to-date: /home/user/robotic-soln/install/custom_interfaces/include/custom_interfaces/custom_interfaces/msg/num.hpp
[2.068s] -- Up-to-date: /home/user/robotic-soln/install/custom_interfaces/include/custom_interfaces/custom_interfaces/msg/sphere.hpp
[2.069s] -- Up-to-date: /home/user/robotic-soln/install/custom_interfaces/include/custom_interfaces/custom_interfaces
[2.069s] -- Up-to-date: /home/user/robotic-soln/install/custom_interfaces/include/custom_interfaces/custom_interfaces/srv
[2.070s] -- Up-to-date: /home/user/robotic-soln/install/custom_interfaces/include/custom_interfaces/custom_interfaces/srv/detail
[2.070s] -- Up-to-date: /home/user/robotic-soln/install/custom_interfaces/include/custom_interfaces/custom_interfaces/srv/detail/add_three_ints__rosidl_typesupport_fastrtps_cpp.hpp
[2.071s] -- Up-to-date: /home/user/robotic-soln/install/custom_interfaces/include/custom_interfaces/custom_interfaces/srv/detail/dds_fastrtps
[2.071s] -- Up-to-date: /home/user/robotic-soln/install/custom_interfaces/include/custom_interfaces/custom_interfaces/msg
[2.071s] -- Up-to-date: /home/user/robotic-soln/install/custom_interfaces/include/custom_interfaces/custom_interfaces/msg/detail
[2.072s] -- Up-to-date: /home/user/robotic-soln/install/custom_interfaces/include/custom_interfaces/custom_interfaces/msg/detail/sphere__rosidl_typesupport_fastrtps_cpp.hpp
[2.072s] -- Up-to-date: /home/user/robotic-soln/install/custom_interfaces/include/custom_interfaces/custom_interfaces/msg/detail/num__rosidl_typesupport_fastrtps_cpp.hpp
[2.072s] -- Up-to-date: /home/user/robotic-soln/install/custom_interfaces/include/custom_interfaces/custom_interfaces/msg/detail/dds_fastrtps
[2.072s] -- Up-to-date: /home/user/robotic-soln/install/custom_interfaces/include/custom_interfaces/custom_interfaces/msg/rosidl_typesupport_fastrtps_cpp__visibility_control.h
[2.075s] -- Up-to-date: /home/user/robotic-soln/install/custom_interfaces/lib/libcustom_interfaces__rosidl_typesupport_fastrtps_cpp.so
[2.076s] -- Up-to-date: /home/user/robotic-soln/install/custom_interfaces/include/custom_interfaces/custom_interfaces
[2.076s] -- Up-to-date: /home/user/robotic-soln/install/custom_interfaces/include/custom_interfaces/custom_interfaces/srv
[2.076s] -- Up-to-date: /home/user/robotic-soln/install/custom_interfaces/include/custom_interfaces/custom_interfaces/srv/detail
[2.076s] -- Up-to-date: /home/user/robotic-soln/install/custom_interfaces/include/custom_interfaces/custom_interfaces/srv/detail/add_three_ints__rosidl_typesupport_introspection_c.h
[2.076s] -- Up-to-date: /home/user/robotic-soln/install/custom_interfaces/include/custom_interfaces/custom_interfaces/srv/detail/add_three_ints__type_support.c
[2.077s] -- Up-to-date: /home/user/robotic-soln/install/custom_interfaces/include/custom_interfaces/custom_interfaces/msg
[2.077s] -- Up-to-date: /home/user/robotic-soln/install/custom_interfaces/include/custom_interfaces/custom_interfaces/msg/detail
[2.077s] -- Up-to-date: /home/user/robotic-soln/install/custom_interfaces/include/custom_interfaces/custom_interfaces/msg/detail/sphere__rosidl_typesupport_introspection_c.h
[2.077s] -- Up-to-date: /home/user/robotic-soln/install/custom_interfaces/include/custom_interfaces/custom_interfaces/msg/detail/num__type_support.c
[2.077s] -- Up-to-date: /home/user/robotic-soln/install/custom_interfaces/include/custom_interfaces/custom_interfaces/msg/detail/sphere__type_support.c
[2.078s] -- Up-to-date: /home/user/robotic-soln/install/custom_interfaces/include/custom_interfaces/custom_interfaces/msg/detail/num__rosidl_typesupport_introspection_c.h
[2.078s] -- Up-to-date: /home/user/robotic-soln/install/custom_interfaces/include/custom_interfaces/custom_interfaces/msg/rosidl_typesupport_introspection_c__visibility_control.h
[2.080s] -- Up-to-date: /home/user/robotic-soln/install/custom_interfaces/lib/libcustom_interfaces__rosidl_typesupport_introspection_c.so
[2.081s] -- Up-to-date: /home/user/robotic-soln/install/custom_interfaces/lib/libcustom_interfaces__rosidl_typesupport_c.so
[2.082s] -- Up-to-date: /home/user/robotic-soln/install/custom_interfaces/include/custom_interfaces/custom_interfaces
[2.082s] -- Up-to-date: /home/user/robotic-soln/install/custom_interfaces/include/custom_interfaces/custom_interfaces/srv
[2.082s] -- Up-to-date: /home/user/robotic-soln/install/custom_interfaces/include/custom_interfaces/custom_interfaces/srv/detail
[2.082s] -- Up-to-date: /home/user/robotic-soln/install/custom_interfaces/include/custom_interfaces/custom_interfaces/srv/detail/add_three_ints__rosidl_typesupport_introspection_cpp.hpp
[2.083s] -- Up-to-date: /home/user/robotic-soln/install/custom_interfaces/include/custom_interfaces/custom_interfaces/srv/detail/add_three_ints__type_support.cpp
[2.083s] -- Up-to-date: /home/user/robotic-soln/install/custom_interfaces/include/custom_interfaces/custom_interfaces/msg
[2.083s] -- Up-to-date: /home/user/robotic-soln/install/custom_interfaces/include/custom_interfaces/custom_interfaces/msg/detail
[2.083s] -- Up-to-date: /home/user/robotic-soln/install/custom_interfaces/include/custom_interfaces/custom_interfaces/msg/detail/num__type_support.cpp
[2.083s] -- Up-to-date: /home/user/robotic-soln/install/custom_interfaces/include/custom_interfaces/custom_interfaces/msg/detail/num__rosidl_typesupport_introspection_cpp.hpp
[2.084s] -- Up-to-date: /home/user/robotic-soln/install/custom_interfaces/include/custom_interfaces/custom_interfaces/msg/detail/sphere__rosidl_typesupport_introspection_cpp.hpp
[2.084s] -- Up-to-date: /home/user/robotic-soln/install/custom_interfaces/include/custom_interfaces/custom_interfaces/msg/detail/sphere__type_support.cpp
[2.086s] -- Up-to-date: /home/user/robotic-soln/install/custom_interfaces/lib/libcustom_interfaces__rosidl_typesupport_introspection_cpp.so
[2.089s] -- Up-to-date: /home/user/robotic-soln/install/custom_interfaces/lib/libcustom_interfaces__rosidl_typesupport_cpp.so
[2.089s] -- Up-to-date: /home/user/robotic-soln/install/custom_interfaces/share/custom_interfaces/environment/pythonpath.sh
[2.090s] -- Up-to-date: /home/user/robotic-soln/install/custom_interfaces/share/custom_interfaces/environment/pythonpath.dsv
[2.092s] -- Up-to-date: /home/user/robotic-soln/install/custom_interfaces/local/lib/python3.10/dist-packages/custom_interfaces-0.0.0-py3.10.egg-info
[2.093s] -- Installing: /home/user/robotic-soln/install/custom_interfaces/local/lib/python3.10/dist-packages/custom_interfaces-0.0.0-py3.10.egg-info/PKG-INFO
[2.094s] -- Installing: /home/user/robotic-soln/install/custom_interfaces/local/lib/python3.10/dist-packages/custom_interfaces-0.0.0-py3.10.egg-info/SOURCES.txt
[2.094s] -- Installing: /home/user/robotic-soln/install/custom_interfaces/local/lib/python3.10/dist-packages/custom_interfaces-0.0.0-py3.10.egg-info/dependency_links.txt
[2.094s] -- Installing: /home/user/robotic-soln/install/custom_interfaces/local/lib/python3.10/dist-packages/custom_interfaces-0.0.0-py3.10.egg-info/top_level.txt
[2.095s] -- Up-to-date: /home/user/robotic-soln/install/custom_interfaces/local/lib/python3.10/dist-packages/custom_interfaces
[2.095s] -- Up-to-date: /home/user/robotic-soln/install/custom_interfaces/local/lib/python3.10/dist-packages/custom_interfaces/custom_interfaces_s__rosidl_typesupport_introspection_c.cpython-310-x86_64-linux-gnu.so
[2.095s] -- Up-to-date: /home/user/robotic-soln/install/custom_interfaces/local/lib/python3.10/dist-packages/custom_interfaces/custom_interfaces_s__rosidl_typesupport_c.cpython-310-x86_64-linux-gnu.so
[2.096s] -- Up-to-date: /home/user/robotic-soln/install/custom_interfaces/local/lib/python3.10/dist-packages/custom_interfaces/custom_interfaces_s__rosidl_typesupport_fastrtps_c.cpython-310-x86_64-linux-gnu.so
[2.096s] -- Up-to-date: /home/user/robotic-soln/install/custom_interfaces/local/lib/python3.10/dist-packages/custom_interfaces/__init__.py
[2.096s] -- Up-to-date: /home/user/robotic-soln/install/custom_interfaces/local/lib/python3.10/dist-packages/custom_interfaces/srv
[2.104s] -- Up-to-date: /home/user/robotic-soln/install/custom_interfaces/local/lib/python3.10/dist-packages/custom_interfaces/srv/_add_three_ints_s.c
[2.104s] -- Up-to-date: /home/user/robotic-soln/install/custom_interfaces/local/lib/python3.10/dist-packages/custom_interfaces/srv/__init__.py
[2.104s] -- Up-to-date: /home/user/robotic-soln/install/custom_interfaces/local/lib/python3.10/dist-packages/custom_interfaces/srv/_add_three_ints.py
[2.105s] -- Up-to-date: /home/user/robotic-soln/install/custom_interfaces/local/lib/python3.10/dist-packages/custom_interfaces/_custom_interfaces_s.ep.rosidl_typesupport_introspection_c.c
[2.105s] -- Up-to-date: /home/user/robotic-soln/install/custom_interfaces/local/lib/python3.10/dist-packages/custom_interfaces/_custom_interfaces_s.ep.rosidl_typesupport_c.c
[2.105s] -- Up-to-date: /home/user/robotic-soln/install/custom_interfaces/local/lib/python3.10/dist-packages/custom_interfaces/libcustom_interfaces__rosidl_generator_py.so
[2.105s] -- Up-to-date: /home/user/robotic-soln/install/custom_interfaces/local/lib/python3.10/dist-packages/custom_interfaces/_custom_interfaces_s.ep.rosidl_typesupport_fastrtps_c.c
[2.105s] -- Up-to-date: /home/user/robotic-soln/install/custom_interfaces/local/lib/python3.10/dist-packages/custom_interfaces/msg
[2.107s] -- Up-to-date: /home/user/robotic-soln/install/custom_interfaces/local/lib/python3.10/dist-packages/custom_interfaces/msg/_sphere.py
[2.107s] -- Up-to-date: /home/user/robotic-soln/install/custom_interfaces/local/lib/python3.10/dist-packages/custom_interfaces/msg/_sphere_s.c
[2.108s] -- Up-to-date: /home/user/robotic-soln/install/custom_interfaces/local/lib/python3.10/dist-packages/custom_interfaces/msg/__init__.py
[2.108s] -- Up-to-date: /home/user/robotic-soln/install/custom_interfaces/local/lib/python3.10/dist-packages/custom_interfaces/msg/_num_s.c
[2.108s] -- Up-to-date: /home/user/robotic-soln/install/custom_interfaces/local/lib/python3.10/dist-packages/custom_interfaces/msg/_num.py
[2.160s] Listing '/home/user/robotic-soln/install/custom_interfaces/local/lib/python3.10/dist-packages/custom_interfaces'...
[2.160s] Listing '/home/user/robotic-soln/install/custom_interfaces/local/lib/python3.10/dist-packages/custom_interfaces/msg'...
[2.160s] Listing '/home/user/robotic-soln/install/custom_interfaces/local/lib/python3.10/dist-packages/custom_interfaces/srv'...
[2.167s] -- Up-to-date: /home/user/robotic-soln/install/custom_interfaces/local/lib/python3.10/dist-packages/custom_interfaces/custom_interfaces_s__rosidl_typesupport_fastrtps_c.cpython-310-x86_64-linux-gnu.so
[2.169s] -- Up-to-date: /home/user/robotic-soln/install/custom_interfaces/local/lib/python3.10/dist-packages/custom_interfaces/custom_interfaces_s__rosidl_typesupport_introspection_c.cpython-310-x86_64-linux-gnu.so
[2.172s] -- Up-to-date: /home/user/robotic-soln/install/custom_interfaces/local/lib/python3.10/dist-packages/custom_interfaces/custom_interfaces_s__rosidl_typesupport_c.cpython-310-x86_64-linux-gnu.so
[2.174s] -- Up-to-date: /home/user/robotic-soln/install/custom_interfaces/lib/libcustom_interfaces__rosidl_generator_py.so
[2.174s] -- Up-to-date: /home/user/robotic-soln/install/custom_interfaces/share/custom_interfaces/msg/Num.idl
[2.175s] -- Up-to-date: /home/user/robotic-soln/install/custom_interfaces/share/custom_interfaces/msg/Sphere.idl
[2.175s] -- Up-to-date: /home/user/robotic-soln/install/custom_interfaces/share/custom_interfaces/srv/AddThreeInts.idl
[2.176s] -- Up-to-date: /home/user/robotic-soln/install/custom_interfaces/share/custom_interfaces/msg/Num.msg
[2.176s] -- Up-to-date: /home/user/robotic-soln/install/custom_interfaces/share/custom_interfaces/msg/Sphere.msg
[2.176s] -- Up-to-date: /home/user/robotic-soln/install/custom_interfaces/share/custom_interfaces/srv/AddThreeInts.srv
[2.176s] -- Up-to-date: /home/user/robotic-soln/install/custom_interfaces/share/custom_interfaces/srv/AddThreeInts_Request.msg
[2.177s] -- Up-to-date: /home/user/robotic-soln/install/custom_interfaces/share/custom_interfaces/srv/AddThreeInts_Response.msg
[2.178s] -- Up-to-date: /home/user/robotic-soln/install/custom_interfaces/share/ament_index/resource_index/package_run_dependencies/custom_interfaces
[2.178s] -- Up-to-date: /home/user/robotic-soln/install/custom_interfaces/share/ament_index/resource_index/parent_prefix_path/custom_interfaces
[2.179s] -- Up-to-date: /home/user/robotic-soln/install/custom_interfaces/share/custom_interfaces/environment/ament_prefix_path.sh
[2.179s] -- Up-to-date: /home/user/robotic-soln/install/custom_interfaces/share/custom_interfaces/environment/ament_prefix_path.dsv
[2.179s] -- Up-to-date: /home/user/robotic-soln/install/custom_interfaces/share/custom_interfaces/environment/path.sh
[2.179s] -- Up-to-date: /home/user/robotic-soln/install/custom_interfaces/share/custom_interfaces/environment/path.dsv
[2.180s] -- Up-to-date: /home/user/robotic-soln/install/custom_interfaces/share/custom_interfaces/local_setup.bash
[2.180s] -- Up-to-date: /home/user/robotic-soln/install/custom_interfaces/share/custom_interfaces/local_setup.sh
[2.180s] -- Up-to-date: /home/user/robotic-soln/install/custom_interfaces/share/custom_interfaces/local_setup.zsh
[2.180s] -- Up-to-date: /home/user/robotic-soln/install/custom_interfaces/share/custom_interfaces/local_setup.dsv
[2.180s] -- Installing: /home/user/robotic-soln/install/custom_interfaces/share/custom_interfaces/package.dsv
[2.182s] -- Up-to-date: /home/user/robotic-soln/install/custom_interfaces/share/ament_index/resource_index/packages/custom_interfaces
[2.186s] -- Up-to-date: /home/user/robotic-soln/install/custom_interfaces/share/custom_interfaces/cmake/export_custom_interfaces__rosidl_generator_cExport.cmake
[2.187s] -- Up-to-date: /home/user/robotic-soln/install/custom_interfaces/share/custom_interfaces/cmake/export_custom_interfaces__rosidl_generator_cExport-noconfig.cmake
[2.189s] -- Up-to-date: /home/user/robotic-soln/install/custom_interfaces/share/custom_interfaces/cmake/export_custom_interfaces__rosidl_typesupport_fastrtps_cExport.cmake
[2.189s] -- Up-to-date: /home/user/robotic-soln/install/custom_interfaces/share/custom_interfaces/cmake/export_custom_interfaces__rosidl_typesupport_fastrtps_cExport-noconfig.cmake
[2.190s] -- Up-to-date: /home/user/robotic-soln/install/custom_interfaces/share/custom_interfaces/cmake/export_custom_interfaces__rosidl_generator_cppExport.cmake
[2.191s] -- Up-to-date: /home/user/robotic-soln/install/custom_interfaces/share/custom_interfaces/cmake/export_custom_interfaces__rosidl_typesupport_fastrtps_cppExport.cmake
[2.192s] -- Up-to-date: /home/user/robotic-soln/install/custom_interfaces/share/custom_interfaces/cmake/export_custom_interfaces__rosidl_typesupport_fastrtps_cppExport-noconfig.cmake
[2.193s] -- Up-to-date: /home/user/robotic-soln/install/custom_interfaces/share/custom_interfaces/cmake/custom_interfaces__rosidl_typesupport_introspection_cExport.cmake
[2.193s] -- Up-to-date: /home/user/robotic-soln/install/custom_interfaces/share/custom_interfaces/cmake/custom_interfaces__rosidl_typesupport_introspection_cExport-noconfig.cmake
[2.194s] -- Up-to-date: /home/user/robotic-soln/install/custom_interfaces/share/custom_interfaces/cmake/custom_interfaces__rosidl_typesupport_cExport.cmake
[2.194s] -- Up-to-date: /home/user/robotic-soln/install/custom_interfaces/share/custom_interfaces/cmake/custom_interfaces__rosidl_typesupport_cExport-noconfig.cmake
[2.196s] -- Up-to-date: /home/user/robotic-soln/install/custom_interfaces/share/custom_interfaces/cmake/custom_interfaces__rosidl_typesupport_introspection_cppExport.cmake
[2.196s] -- Up-to-date: /home/user/robotic-soln/install/custom_interfaces/share/custom_interfaces/cmake/custom_interfaces__rosidl_typesupport_introspection_cppExport-noconfig.cmake
[2.204s] -- Up-to-date: /home/user/robotic-soln/install/custom_interfaces/share/custom_interfaces/cmake/custom_interfaces__rosidl_typesupport_cppExport.cmake
[2.204s] -- Up-to-date: /home/user/robotic-soln/install/custom_interfaces/share/custom_interfaces/cmake/custom_interfaces__rosidl_typesupport_cppExport-noconfig.cmake
[2.209s] -- Up-to-date: /home/user/robotic-soln/install/custom_interfaces/share/custom_interfaces/cmake/export_custom_interfaces__rosidl_generator_pyExport.cmake
[2.210s] -- Up-to-date: /home/user/robotic-soln/install/custom_interfaces/share/custom_interfaces/cmake/export_custom_interfaces__rosidl_generator_pyExport-noconfig.cmake
[2.210s] -- Up-to-date: /home/user/robotic-soln/install/custom_interfaces/share/custom_interfaces/cmake/rosidl_cmake-extras.cmake
[2.210s] -- Up-to-date: /home/user/robotic-soln/install/custom_interfaces/share/custom_interfaces/cmake/ament_cmake_export_dependencies-extras.cmake
[2.210s] -- Up-to-date: /home/user/robotic-soln/install/custom_interfaces/share/custom_interfaces/cmake/ament_cmake_export_include_directories-extras.cmake
[2.210s] -- Up-to-date: /home/user/robotic-soln/install/custom_interfaces/share/custom_interfaces/cmake/ament_cmake_export_libraries-extras.cmake
[2.211s] -- Up-to-date: /home/user/robotic-soln/install/custom_interfaces/share/custom_interfaces/cmake/ament_cmake_export_targets-extras.cmake
[2.211s] -- Up-to-date: /home/user/robotic-soln/install/custom_interfaces/share/custom_interfaces/cmake/rosidl_cmake_export_typesupport_targets-extras.cmake
[2.211s] -- Up-to-date: /home/user/robotic-soln/install/custom_interfaces/share/custom_interfaces/cmake/rosidl_cmake_export_typesupport_libraries-extras.cmake
[2.211s] -- Up-to-date: /home/user/robotic-soln/install/custom_interfaces/share/custom_interfaces/cmake/custom_interfacesConfig.cmake
[2.212s] -- Up-to-date: /home/user/robotic-soln/install/custom_interfaces/share/custom_interfaces/cmake/custom_interfacesConfig-version.cmake
[2.212s] -- Up-to-date: /home/user/robotic-soln/install/custom_interfaces/share/custom_interfaces/package.xml
[2.220s] Invoked command in '/home/user/robotic-soln/build/custom_interfaces' returned '0': CMAKE_PREFIX_PATH=/opt/ros/humble /usr/bin/cmake --install /home/user/robotic-soln/build/custom_interfaces
