[2.505s] Invoking command in '/home/user/robotic-soln/src/py_pubsub': AMENT_PREFIX_PATH=/home/user/robotic-soln/install/custom_interfaces:${AMENT_PREFIX_PATH} CMAKE_PREFIX_PATH=/home/user/robotic-soln/install/custom_interfaces LD_LIBRARY_PATH=/home/user/robotic-soln/install/custom_interfaces/lib:${LD_LIBRARY_PATH} PYTHONPATH=/home/user/robotic-soln/build/py_pubsub/prefix_override:/home/user/robotic-soln/install/py_pubsub/lib/python3.10/site-packages:/home/user/robotic-soln/install/custom_interfaces/local/lib/python3.10/dist-packages:${PYTHONPATH} /usr/bin/python3 setup.py egg_info --egg-base ../../build/py_pubsub build --build-base /home/user/robotic-soln/build/py_pubsub/build install --record /home/user/robotic-soln/build/py_pubsub/install.log --single-version-externally-managed
[3.310s] running egg_info
[3.312s] creating ../../build/py_pubsub/py_pubsub.egg-info
[3.312s] writing ../../build/py_pubsub/py_pubsub.egg-info/PKG-INFO
[3.315s] writing dependency_links to ../../build/py_pubsub/py_pubsub.egg-info/dependency_links.txt
[3.319s] writing entry points to ../../build/py_pubsub/py_pubsub.egg-info/entry_points.txt
[3.321s] writing requirements to ../../build/py_pubsub/py_pubsub.egg-info/requires.txt
[3.321s] writing top-level names to ../../build/py_pubsub/py_pubsub.egg-info/top_level.txt
[3.322s] writing manifest file '../../build/py_pubsub/py_pubsub.egg-info/SOURCES.txt'
[3.327s] reading manifest file '../../build/py_pubsub/py_pubsub.egg-info/SOURCES.txt'
[3.329s] writing manifest file '../../build/py_pubsub/py_pubsub.egg-info/SOURCES.txt'
[3.333s] running build
[3.333s] running build_py
[3.334s] creating /home/user/robotic-soln/build/py_pubsub/build
[3.334s] creating /home/user/robotic-soln/build/py_pubsub/build/lib
[3.334s] creating /home/user/robotic-soln/build/py_pubsub/build/lib/py_pubsub
[3.335s] copying py_pubsub/subscriber_member_function.py -> /home/user/robotic-soln/build/py_pubsub/build/lib/py_pubsub
[3.338s] copying py_pubsub/__init__.py -> /home/user/robotic-soln/build/py_pubsub/build/lib/py_pubsub
[3.339s] copying py_pubsub/publisher_member_function.py -> /home/user/robotic-soln/build/py_pubsub/build/lib/py_pubsub
[3.339s] running install
[3.340s] /usr/lib/python3/dist-packages/setuptools/command/install.py:34: SetuptoolsDeprecationWarning: setup.py install is deprecated. Use build and pip and other standards-based tools.
[3.340s]   warnings.warn(
[3.341s] running install_lib
[3.345s] creating /home/user/robotic-soln/install/py_pubsub/lib/python3.10/site-packages/py_pubsub
[3.345s] copying /home/user/robotic-soln/build/py_pubsub/build/lib/py_pubsub/subscriber_member_function.py -> /home/user/robotic-soln/install/py_pubsub/lib/python3.10/site-packages/py_pubsub
[3.346s] copying /home/user/robotic-soln/build/py_pubsub/build/lib/py_pubsub/__init__.py -> /home/user/robotic-soln/install/py_pubsub/lib/python3.10/site-packages/py_pubsub
[3.346s] copying /home/user/robotic-soln/build/py_pubsub/build/lib/py_pubsub/publisher_member_function.py -> /home/user/robotic-soln/install/py_pubsub/lib/python3.10/site-packages/py_pubsub
[3.347s] byte-compiling /home/user/robotic-soln/install/py_pubsub/lib/python3.10/site-packages/py_pubsub/subscriber_member_function.py to subscriber_member_function.cpython-310.pyc
[3.350s] byte-compiling /home/user/robotic-soln/install/py_pubsub/lib/python3.10/site-packages/py_pubsub/__init__.py to __init__.cpython-310.pyc
[3.351s] byte-compiling /home/user/robotic-soln/install/py_pubsub/lib/python3.10/site-packages/py_pubsub/publisher_member_function.py to publisher_member_function.cpython-310.pyc
[3.369s] running install_data
[3.370s] creating /home/user/robotic-soln/install/py_pubsub/share/ament_index
[3.371s] creating /home/user/robotic-soln/install/py_pubsub/share/ament_index/resource_index
[3.371s] creating /home/user/robotic-soln/install/py_pubsub/share/ament_index/resource_index/packages
[3.371s] copying resource/py_pubsub -> /home/user/robotic-soln/install/py_pubsub/share/ament_index/resource_index/packages
[3.371s] copying package.xml -> /home/user/robotic-soln/install/py_pubsub/share/py_pubsub
[3.372s] running install_egg_info
[3.375s] Copying ../../build/py_pubsub/py_pubsub.egg-info to /home/user/robotic-soln/install/py_pubsub/lib/python3.10/site-packages/py_pubsub-0.0.0-py3.10.egg-info
[3.376s] running install_scripts
[3.471s] Installing listener script to /home/user/robotic-soln/install/py_pubsub/lib/py_pubsub
[3.471s] Installing talker script to /home/user/robotic-soln/install/py_pubsub/lib/py_pubsub
[3.472s] writing list of installed files to '/home/user/robotic-soln/build/py_pubsub/install.log'
[3.575s] Invoked command in '/home/user/robotic-soln/src/py_pubsub' returned '0': AMENT_PREFIX_PATH=/home/user/robotic-soln/install/custom_interfaces:${AMENT_PREFIX_PATH} CMAKE_PREFIX_PATH=/home/user/robotic-soln/install/custom_interfaces LD_LIBRARY_PATH=/home/user/robotic-soln/install/custom_interfaces/lib:${LD_LIBRARY_PATH} PYTHONPATH=/home/user/robotic-soln/build/py_pubsub/prefix_override:/home/user/robotic-soln/install/py_pubsub/lib/python3.10/site-packages:/home/user/robotic-soln/install/custom_interfaces/local/lib/python3.10/dist-packages:${PYTHONPATH} /usr/bin/python3 setup.py egg_info --egg-base ../../build/py_pubsub build --build-base /home/user/robotic-soln/build/py_pubsub/build install --record /home/user/robotic-soln/build/py_pubsub/install.log --single-version-externally-managed
