[1.259s] Invoking command in '/home/user/robotic-soln/src/py_srvcli': PYTHONPATH=/home/user/robotic-soln/build/py_srvcli/prefix_override:/home/user/robotic-soln/install/py_srvcli/lib/python3.10/site-packages:${PYTHONPATH} /usr/bin/python3 setup.py egg_info --egg-base ../../build/py_srvcli build --build-base /home/user/robotic-soln/build/py_srvcli/build install --record /home/user/robotic-soln/build/py_srvcli/install.log --single-version-externally-managed
[1.658s] running egg_info
[1.659s] writing ../../build/py_srvcli/py_srvcli.egg-info/PKG-INFO
[1.667s] writing dependency_links to ../../build/py_srvcli/py_srvcli.egg-info/dependency_links.txt
[1.668s] writing entry points to ../../build/py_srvcli/py_srvcli.egg-info/entry_points.txt
[1.668s] writing requirements to ../../build/py_srvcli/py_srvcli.egg-info/requires.txt
[1.669s] writing top-level names to ../../build/py_srvcli/py_srvcli.egg-info/top_level.txt
[1.672s] reading manifest file '../../build/py_srvcli/py_srvcli.egg-info/SOURCES.txt'
[1.674s] writing manifest file '../../build/py_srvcli/py_srvcli.egg-info/SOURCES.txt'
[1.675s] running build
[1.675s] running build_py
[1.677s] running install
[1.678s] /usr/lib/python3/dist-packages/setuptools/command/install.py:34: SetuptoolsDeprecationWarning: setup.py install is deprecated. Use build and pip and other standards-based tools.
[1.679s]   warnings.warn(
[1.680s] running install_lib
[1.685s] running install_data
[1.687s] running install_egg_info
[1.689s] removing '/home/user/robotic-soln/install/py_srvcli/lib/python3.10/site-packages/py_srvcli-0.0.0-py3.10.egg-info' (and everything under it)
[1.689s] Copying ../../build/py_srvcli/py_srvcli.egg-info to /home/user/robotic-soln/install/py_srvcli/lib/python3.10/site-packages/py_srvcli-0.0.0-py3.10.egg-info
[1.691s] running install_scripts
[1.718s] Installing client script to /home/user/robotic-soln/install/py_srvcli/lib/py_srvcli
[1.731s] Installing service script to /home/user/robotic-soln/install/py_srvcli/lib/py_srvcli
[1.733s] writing list of installed files to '/home/user/robotic-soln/build/py_srvcli/install.log'
[1.780s] Invoked command in '/home/user/robotic-soln/src/py_srvcli' returned '0': PYTHONPATH=/home/user/robotic-soln/build/py_srvcli/prefix_override:/home/user/robotic-soln/install/py_srvcli/lib/python3.10/site-packages:${PYTHONPATH} /usr/bin/python3 setup.py egg_info --egg-base ../../build/py_srvcli build --build-base /home/user/robotic-soln/build/py_srvcli/build install --record /home/user/robotic-soln/build/py_srvcli/install.log --single-version-externally-managed
