[1.855s] DEBUG:colcon:Command line arguments: ['/usr/bin/colcon', 'build']
[1.855s] DEBUG:colcon:Parsed command line arguments: Namespace(log_base=None, log_level=None, verb_name='build', build_base='build', install_base='install', merge_install=False, symlink_install=False, test_result_base=None, continue_on_error=False, executor='parallel', parallel_workers=1, event_handlers=None, ignore_user_meta=False, metas=['./colcon.meta'], base_paths=['.'], packages_ignore=None, packages_ignore_regex=None, paths=None, packages_up_to=None, packages_up_to_regex=None, packages_above=None, packages_above_and_dependencies=None, packages_above_depth=None, packages_select_by_dep=None, packages_skip_by_dep=None, packages_skip_up_to=None, packages_select_build_failed=False, packages_skip_build_finished=False, packages_select_test_failures=False, packages_skip_test_passed=False, packages_select=None, packages_skip=None, packages_select_regex=None, packages_skip_regex=None, packages_start=None, packages_end=None, allow_overriding=[], cmake_args=None, cmake_target=None, cmake_target_skip_unavailable=False, cmake_clean_cache=False, cmake_clean_first=False, cmake_force_configure=False, ament_cmake_args=None, catkin_cmake_args=None, catkin_skip_building_tests=False, verb_parser=<colcon_defaults.argument_parser.defaults.DefaultArgumentsDecorator object at 0x7fb1fe321900>, verb_extension=<colcon_core.verb.build.BuildVerb object at 0x7fb1fe320100>, main=<bound method BuildVerb.main of <colcon_core.verb.build.BuildVerb object at 0x7fb1fe320100>>)
[1.981s] Level 1:colcon.colcon_core.package_discovery:discover_packages(colcon_meta) check parameters
[1.982s] Level 1:colcon.colcon_core.package_discovery:discover_packages(recursive) check parameters
[1.982s] Level 1:colcon.colcon_core.package_discovery:discover_packages(ignore) check parameters
[1.982s] Level 1:colcon.colcon_core.package_discovery:discover_packages(path) check parameters
[1.982s] Level 1:colcon.colcon_core.package_discovery:discover_packages(colcon_meta) discover
[1.982s] Level 1:colcon.colcon_core.package_discovery:discover_packages(recursive) discover
[1.982s] INFO:colcon.colcon_core.package_discovery:Crawling recursively for packages in '/home/user/robotic-soln'
[1.982s] Level 1:colcon.colcon_core.package_identification:_identify(.) by extensions ['ignore', 'ignore_ament_install']
[1.982s] Level 1:colcon.colcon_core.package_identification:_identify(.) by extension 'ignore'
[1.982s] Level 1:colcon.colcon_core.package_identification:_identify(.) by extension 'ignore_ament_install'
[1.982s] Level 1:colcon.colcon_core.package_identification:_identify(.) by extensions ['colcon_pkg']
[1.982s] Level 1:colcon.colcon_core.package_identification:_identify(.) by extension 'colcon_pkg'
[1.982s] Level 1:colcon.colcon_core.package_identification:_identify(.) by extensions ['colcon_meta']
[1.982s] Level 1:colcon.colcon_core.package_identification:_identify(.) by extension 'colcon_meta'
[1.982s] Level 1:colcon.colcon_core.package_identification:_identify(.) by extensions ['ros']
[1.982s] Level 1:colcon.colcon_core.package_identification:_identify(.) by extension 'ros'
[2.000s] Level 1:colcon.colcon_core.package_identification:_identify(.) by extensions ['cmake', 'python']
[2.000s] Level 1:colcon.colcon_core.package_identification:_identify(.) by extension 'cmake'
[2.000s] Level 1:colcon.colcon_core.package_identification:_identify(.) by extension 'python'
[2.000s] Level 1:colcon.colcon_core.package_identification:_identify(.) by extensions ['python_setup_py']
[2.000s] Level 1:colcon.colcon_core.package_identification:_identify(.) by extension 'python_setup_py'
[2.000s] Level 1:colcon.colcon_core.package_identification:_identify(build) by extensions ['ignore', 'ignore_ament_install']
[2.000s] Level 1:colcon.colcon_core.package_identification:_identify(build) by extension 'ignore'
[2.000s] Level 1:colcon.colcon_core.package_identification:_identify(build) ignored
[2.001s] Level 1:colcon.colcon_core.package_identification:_identify(install) by extensions ['ignore', 'ignore_ament_install']
[2.001s] Level 1:colcon.colcon_core.package_identification:_identify(install) by extension 'ignore'
[2.001s] Level 1:colcon.colcon_core.package_identification:_identify(install) ignored
[2.001s] Level 1:colcon.colcon_core.package_identification:_identify(log) by extensions ['ignore', 'ignore_ament_install']
[2.001s] Level 1:colcon.colcon_core.package_identification:_identify(log) by extension 'ignore'
[2.001s] Level 1:colcon.colcon_core.package_identification:_identify(log) ignored
[2.002s] Level 1:colcon.colcon_core.package_identification:_identify(src) by extensions ['ignore', 'ignore_ament_install']
[2.002s] Level 1:colcon.colcon_core.package_identification:_identify(src) by extension 'ignore'
[2.003s] Level 1:colcon.colcon_core.package_identification:_identify(src) by extension 'ignore_ament_install'
[2.003s] Level 1:colcon.colcon_core.package_identification:_identify(src) by extensions ['colcon_pkg']
[2.003s] Level 1:colcon.colcon_core.package_identification:_identify(src) by extension 'colcon_pkg'
[2.003s] Level 1:colcon.colcon_core.package_identification:_identify(src) by extensions ['colcon_meta']
[2.003s] Level 1:colcon.colcon_core.package_identification:_identify(src) by extension 'colcon_meta'
[2.003s] Level 1:colcon.colcon_core.package_identification:_identify(src) by extensions ['ros']
[2.003s] Level 1:colcon.colcon_core.package_identification:_identify(src) by extension 'ros'
[2.003s] Level 1:colcon.colcon_core.package_identification:_identify(src) by extensions ['cmake', 'python']
[2.003s] Level 1:colcon.colcon_core.package_identification:_identify(src) by extension 'cmake'
[2.003s] Level 1:colcon.colcon_core.package_identification:_identify(src) by extension 'python'
[2.003s] Level 1:colcon.colcon_core.package_identification:_identify(src) by extensions ['python_setup_py']
[2.003s] Level 1:colcon.colcon_core.package_identification:_identify(src) by extension 'python_setup_py'
[2.004s] Level 1:colcon.colcon_core.package_identification:_identify(src/custom_interfaces) by extensions ['ignore', 'ignore_ament_install']
[2.004s] Level 1:colcon.colcon_core.package_identification:_identify(src/custom_interfaces) by extension 'ignore'
[2.004s] Level 1:colcon.colcon_core.package_identification:_identify(src/custom_interfaces) by extension 'ignore_ament_install'
[2.004s] Level 1:colcon.colcon_core.package_identification:_identify(src/custom_interfaces) by extensions ['colcon_pkg']
[2.004s] Level 1:colcon.colcon_core.package_identification:_identify(src/custom_interfaces) by extension 'colcon_pkg'
[2.005s] Level 1:colcon.colcon_core.package_identification:_identify(src/custom_interfaces) by extensions ['colcon_meta']
[2.005s] Level 1:colcon.colcon_core.package_identification:_identify(src/custom_interfaces) by extension 'colcon_meta'
[2.005s] Level 1:colcon.colcon_core.package_identification:_identify(src/custom_interfaces) by extensions ['ros']
[2.005s] Level 1:colcon.colcon_core.package_identification:_identify(src/custom_interfaces) by extension 'ros'
[2.009s] DEBUG:colcon.colcon_core.package_identification:Package 'src/custom_interfaces' with type 'ros.ament_cmake' and name 'custom_interfaces'
[2.010s] Level 1:colcon.colcon_core.package_identification:_identify(src/py_pubsub) by extensions ['ignore', 'ignore_ament_install']
[2.010s] Level 1:colcon.colcon_core.package_identification:_identify(src/py_pubsub) by extension 'ignore'
[2.010s] Level 1:colcon.colcon_core.package_identification:_identify(src/py_pubsub) by extension 'ignore_ament_install'
[2.010s] Level 1:colcon.colcon_core.package_identification:_identify(src/py_pubsub) by extensions ['colcon_pkg']
[2.010s] Level 1:colcon.colcon_core.package_identification:_identify(src/py_pubsub) by extension 'colcon_pkg'
[2.010s] Level 1:colcon.colcon_core.package_identification:_identify(src/py_pubsub) by extensions ['colcon_meta']
[2.010s] Level 1:colcon.colcon_core.package_identification:_identify(src/py_pubsub) by extension 'colcon_meta'
[2.010s] Level 1:colcon.colcon_core.package_identification:_identify(src/py_pubsub) by extensions ['ros']
[2.010s] Level 1:colcon.colcon_core.package_identification:_identify(src/py_pubsub) by extension 'ros'
[2.012s] DEBUG:colcon.colcon_core.package_identification:Package 'src/py_pubsub' with type 'ros.ament_python' and name 'py_pubsub'
[2.012s] Level 1:colcon.colcon_core.package_identification:_identify(src/py_srvcli) by extensions ['ignore', 'ignore_ament_install']
[2.013s] Level 1:colcon.colcon_core.package_identification:_identify(src/py_srvcli) by extension 'ignore'
[2.013s] Level 1:colcon.colcon_core.package_identification:_identify(src/py_srvcli) by extension 'ignore_ament_install'
[2.013s] Level 1:colcon.colcon_core.package_identification:_identify(src/py_srvcli) by extensions ['colcon_pkg']
[2.013s] Level 1:colcon.colcon_core.package_identification:_identify(src/py_srvcli) by extension 'colcon_pkg'
[2.013s] Level 1:colcon.colcon_core.package_identification:_identify(src/py_srvcli) by extensions ['colcon_meta']
[2.013s] Level 1:colcon.colcon_core.package_identification:_identify(src/py_srvcli) by extension 'colcon_meta'
[2.013s] Level 1:colcon.colcon_core.package_identification:_identify(src/py_srvcli) by extensions ['ros']
[2.013s] Level 1:colcon.colcon_core.package_identification:_identify(src/py_srvcli) by extension 'ros'
[2.016s] DEBUG:colcon.colcon_core.package_identification:Package 'src/py_srvcli' with type 'ros.ament_python' and name 'py_srvcli'
[2.016s] Level 1:colcon.colcon_core.package_discovery:discover_packages(recursive) using defaults
[2.016s] Level 1:colcon.colcon_core.package_discovery:discover_packages(ignore) discover
[2.016s] Level 1:colcon.colcon_core.package_discovery:discover_packages(ignore) using defaults
[2.016s] Level 1:colcon.colcon_core.package_discovery:discover_packages(path) discover
[2.016s] Level 1:colcon.colcon_core.package_discovery:discover_packages(path) using defaults
[2.175s] Level 1:colcon.colcon_core.package_discovery:discover_packages(prefix_path) check parameters
[2.175s] Level 1:colcon.colcon_core.package_discovery:discover_packages(prefix_path) discover
[2.222s] DEBUG:colcon.colcon_installed_package_information.package_discovery:Found 284 installed packages in /opt/ros/humble
[2.224s] Level 1:colcon.colcon_core.package_discovery:discover_packages(prefix_path) using defaults
[2.415s] Level 5:colcon.colcon_core.verb:set package 'custom_interfaces' build argument 'cmake_args' from command line to 'None'
[2.415s] Level 5:colcon.colcon_core.verb:set package 'custom_interfaces' build argument 'cmake_target' from command line to 'None'
[2.415s] Level 5:colcon.colcon_core.verb:set package 'custom_interfaces' build argument 'cmake_target_skip_unavailable' from command line to 'False'
[2.415s] Level 5:colcon.colcon_core.verb:set package 'custom_interfaces' build argument 'cmake_clean_cache' from command line to 'False'
[2.415s] Level 5:colcon.colcon_core.verb:set package 'custom_interfaces' build argument 'cmake_clean_first' from command line to 'False'
[2.415s] Level 5:colcon.colcon_core.verb:set package 'custom_interfaces' build argument 'cmake_force_configure' from command line to 'False'
[2.415s] Level 5:colcon.colcon_core.verb:set package 'custom_interfaces' build argument 'ament_cmake_args' from command line to 'None'
[2.415s] Level 5:colcon.colcon_core.verb:set package 'custom_interfaces' build argument 'catkin_cmake_args' from command line to 'None'
[2.415s] Level 5:colcon.colcon_core.verb:set package 'custom_interfaces' build argument 'catkin_skip_building_tests' from command line to 'False'
[2.415s] DEBUG:colcon.colcon_core.verb:Building package 'custom_interfaces' with the following arguments: {'ament_cmake_args': None, 'build_base': '/home/user/robotic-soln/build/custom_interfaces', 'catkin_cmake_args': None, 'catkin_skip_building_tests': False, 'cmake_args': None, 'cmake_clean_cache': False, 'cmake_clean_first': False, 'cmake_force_configure': False, 'cmake_target': None, 'cmake_target_skip_unavailable': False, 'install_base': '/home/user/robotic-soln/install/custom_interfaces', 'merge_install': False, 'path': '/home/user/robotic-soln/src/custom_interfaces', 'symlink_install': False, 'test_result_base': None}
[2.437s] Level 5:colcon.colcon_core.verb:set package 'py_srvcli' build argument 'cmake_args' from command line to 'None'
[2.438s] Level 5:colcon.colcon_core.verb:set package 'py_srvcli' build argument 'cmake_target' from command line to 'None'
[2.438s] Level 5:colcon.colcon_core.verb:set package 'py_srvcli' build argument 'cmake_target_skip_unavailable' from command line to 'False'
[2.438s] Level 5:colcon.colcon_core.verb:set package 'py_srvcli' build argument 'cmake_clean_cache' from command line to 'False'
[2.438s] Level 5:colcon.colcon_core.verb:set package 'py_srvcli' build argument 'cmake_clean_first' from command line to 'False'
[2.438s] Level 5:colcon.colcon_core.verb:set package 'py_srvcli' build argument 'cmake_force_configure' from command line to 'False'
[2.438s] Level 5:colcon.colcon_core.verb:set package 'py_srvcli' build argument 'ament_cmake_args' from command line to 'None'
[2.438s] Level 5:colcon.colcon_core.verb:set package 'py_srvcli' build argument 'catkin_cmake_args' from command line to 'None'
[2.438s] Level 5:colcon.colcon_core.verb:set package 'py_srvcli' build argument 'catkin_skip_building_tests' from command line to 'False'
[2.438s] DEBUG:colcon.colcon_core.verb:Building package 'py_srvcli' with the following arguments: {'ament_cmake_args': None, 'build_base': '/home/user/robotic-soln/build/py_srvcli', 'catkin_cmake_args': None, 'catkin_skip_building_tests': False, 'cmake_args': None, 'cmake_clean_cache': False, 'cmake_clean_first': False, 'cmake_force_configure': False, 'cmake_target': None, 'cmake_target_skip_unavailable': False, 'install_base': '/home/user/robotic-soln/install/py_srvcli', 'merge_install': False, 'path': '/home/user/robotic-soln/src/py_srvcli', 'symlink_install': False, 'test_result_base': None}
[2.459s] Level 5:colcon.colcon_core.verb:set package 'py_pubsub' build argument 'cmake_args' from command line to 'None'
[2.459s] Level 5:colcon.colcon_core.verb:set package 'py_pubsub' build argument 'cmake_target' from command line to 'None'
[2.459s] Level 5:colcon.colcon_core.verb:set package 'py_pubsub' build argument 'cmake_target_skip_unavailable' from command line to 'False'
[2.460s] Level 5:colcon.colcon_core.verb:set package 'py_pubsub' build argument 'cmake_clean_cache' from command line to 'False'
[2.460s] Level 5:colcon.colcon_core.verb:set package 'py_pubsub' build argument 'cmake_clean_first' from command line to 'False'
[2.460s] Level 5:colcon.colcon_core.verb:set package 'py_pubsub' build argument 'cmake_force_configure' from command line to 'False'
[2.460s] Level 5:colcon.colcon_core.verb:set package 'py_pubsub' build argument 'ament_cmake_args' from command line to 'None'
[2.460s] Level 5:colcon.colcon_core.verb:set package 'py_pubsub' build argument 'catkin_cmake_args' from command line to 'None'
[2.460s] Level 5:colcon.colcon_core.verb:set package 'py_pubsub' build argument 'catkin_skip_building_tests' from command line to 'False'
[2.460s] DEBUG:colcon.colcon_core.verb:Building package 'py_pubsub' with the following arguments: {'ament_cmake_args': None, 'build_base': '/home/user/robotic-soln/build/py_pubsub', 'catkin_cmake_args': None, 'catkin_skip_building_tests': False, 'cmake_args': None, 'cmake_clean_cache': False, 'cmake_clean_first': False, 'cmake_force_configure': False, 'cmake_target': None, 'cmake_target_skip_unavailable': False, 'install_base': '/home/user/robotic-soln/install/py_pubsub', 'merge_install': False, 'path': '/home/user/robotic-soln/src/py_pubsub', 'symlink_install': False, 'test_result_base': None}
[2.482s] INFO:colcon.colcon_core.executor:Executing jobs using 'parallel' executor
[2.503s] DEBUG:colcon.colcon_parallel_executor.executor.parallel:run_until_complete
[2.504s] INFO:colcon.colcon_ros.task.ament_cmake.build:Building ROS package in '/home/user/robotic-soln/src/custom_interfaces' with build type 'ament_cmake'
[2.504s] INFO:colcon.colcon_cmake.task.cmake.build:Building CMake package in '/home/user/robotic-soln/src/custom_interfaces'
[2.557s] INFO:colcon.colcon_core.plugin_system:Skipping extension 'colcon_core.shell.bat': Not used on non-Windows systems
[2.557s] INFO:colcon.colcon_core.shell:Skip shell extension 'powershell' for command environment: Not usable outside of PowerShell
[2.557s] DEBUG:colcon.colcon_core.shell:Skip shell extension 'dsv' for command environment
[2.650s] DEBUG:colcon.colcon_core.event_handler.log_command:Invoking command in '/home/user/robotic-soln/build/custom_interfaces': CMAKE_PREFIX_PATH=/opt/ros/humble /usr/bin/cmake --build /home/user/robotic-soln/build/custom_interfaces -- -j1 -l1
[4.297s] DEBUG:colcon.colcon_core.event_handler.log_command:Invoked command in '/home/user/robotic-soln/build/custom_interfaces' returned '0': CMAKE_PREFIX_PATH=/opt/ros/humble /usr/bin/cmake --build /home/user/robotic-soln/build/custom_interfaces -- -j1 -l1
[4.547s] DEBUG:colcon.colcon_core.event_handler.log_command:Invoking command in '/home/user/robotic-soln/build/custom_interfaces': CMAKE_PREFIX_PATH=/opt/ros/humble /usr/bin/cmake --install /home/user/robotic-soln/build/custom_interfaces
[4.740s] Level 1:colcon.colcon_core.environment:create_environment_scripts_only(custom_interfaces)
[4.745s] DEBUG:colcon.colcon_core.event_handler.log_command:Invoked command in '/home/user/robotic-soln/build/custom_interfaces' returned '0': CMAKE_PREFIX_PATH=/opt/ros/humble /usr/bin/cmake --install /home/user/robotic-soln/build/custom_interfaces
[4.790s] Level 1:colcon.colcon_core.environment:checking '/home/user/robotic-soln/install/custom_interfaces' for CMake module files
[4.791s] Level 1:colcon.colcon_core.environment:checking '/home/user/robotic-soln/install/custom_interfaces' for CMake config files
[4.792s] Level 1:colcon.colcon_core.shell:create_environment_hook('custom_interfaces', 'cmake_prefix_path')
[4.817s] INFO:colcon.colcon_core.shell:Creating environment hook '/home/user/robotic-soln/install/custom_interfaces/share/custom_interfaces/hook/cmake_prefix_path.ps1'
[4.820s] INFO:colcon.colcon_core.shell:Creating environment descriptor '/home/user/robotic-soln/install/custom_interfaces/share/custom_interfaces/hook/cmake_prefix_path.dsv'
[4.821s] INFO:colcon.colcon_core.shell:Creating environment hook '/home/user/robotic-soln/install/custom_interfaces/share/custom_interfaces/hook/cmake_prefix_path.sh'
[4.822s] Level 1:colcon.colcon_core.environment:checking '/home/user/robotic-soln/install/custom_interfaces/lib'
[4.823s] Level 1:colcon.colcon_core.shell:create_environment_hook('custom_interfaces', 'ld_library_path_lib')
[4.855s] INFO:colcon.colcon_core.shell:Creating environment hook '/home/user/robotic-soln/install/custom_interfaces/share/custom_interfaces/hook/ld_library_path_lib.ps1'
[4.855s] INFO:colcon.colcon_core.shell:Creating environment descriptor '/home/user/robotic-soln/install/custom_interfaces/share/custom_interfaces/hook/ld_library_path_lib.dsv'
[4.857s] INFO:colcon.colcon_core.shell:Creating environment hook '/home/user/robotic-soln/install/custom_interfaces/share/custom_interfaces/hook/ld_library_path_lib.sh'
[4.857s] Level 1:colcon.colcon_core.environment:checking '/home/user/robotic-soln/install/custom_interfaces/bin'
[4.857s] Level 1:colcon.colcon_core.environment:checking '/home/user/robotic-soln/install/custom_interfaces/lib/pkgconfig/custom_interfaces.pc'
[4.858s] Level 1:colcon.colcon_core.environment:checking '/home/user/robotic-soln/install/custom_interfaces/lib/python3.10/site-packages'
[4.858s] Level 1:colcon.colcon_core.environment:checking '/home/user/robotic-soln/install/custom_interfaces/bin'
[4.881s] INFO:colcon.colcon_core.shell:Creating package script '/home/user/robotic-soln/install/custom_interfaces/share/custom_interfaces/package.ps1'
[4.885s] INFO:colcon.colcon_core.shell:Creating package descriptor '/home/user/robotic-soln/install/custom_interfaces/share/custom_interfaces/package.dsv'
[4.886s] INFO:colcon.colcon_core.shell:Creating package script '/home/user/robotic-soln/install/custom_interfaces/share/custom_interfaces/package.sh'
[4.888s] INFO:colcon.colcon_core.shell:Creating package script '/home/user/robotic-soln/install/custom_interfaces/share/custom_interfaces/package.bash'
[4.890s] INFO:colcon.colcon_core.shell:Creating package script '/home/user/robotic-soln/install/custom_interfaces/share/custom_interfaces/package.zsh'
[4.892s] Level 1:colcon.colcon_core.environment:create_file_with_runtime_dependencies(/home/user/robotic-soln/install/custom_interfaces/share/colcon-core/packages/custom_interfaces)
[5.149s] Level 1:colcon.colcon_core.environment:create_environment_scripts_only(custom_interfaces)
[5.169s] Level 1:colcon.colcon_core.environment:checking '/home/user/robotic-soln/install/custom_interfaces' for CMake module files
[5.170s] Level 1:colcon.colcon_core.environment:checking '/home/user/robotic-soln/install/custom_interfaces' for CMake config files
[5.171s] Level 1:colcon.colcon_core.shell:create_environment_hook('custom_interfaces', 'cmake_prefix_path')
[5.205s] INFO:colcon.colcon_core.shell:Creating environment hook '/home/user/robotic-soln/install/custom_interfaces/share/custom_interfaces/hook/cmake_prefix_path.ps1'
[5.206s] INFO:colcon.colcon_core.shell:Creating environment descriptor '/home/user/robotic-soln/install/custom_interfaces/share/custom_interfaces/hook/cmake_prefix_path.dsv'
[5.207s] INFO:colcon.colcon_core.shell:Creating environment hook '/home/user/robotic-soln/install/custom_interfaces/share/custom_interfaces/hook/cmake_prefix_path.sh'
[5.207s] Level 1:colcon.colcon_core.environment:checking '/home/user/robotic-soln/install/custom_interfaces/lib'
[5.207s] Level 1:colcon.colcon_core.shell:create_environment_hook('custom_interfaces', 'ld_library_path_lib')
[5.228s] INFO:colcon.colcon_core.shell:Creating environment hook '/home/user/robotic-soln/install/custom_interfaces/share/custom_interfaces/hook/ld_library_path_lib.ps1'
[5.230s] INFO:colcon.colcon_core.shell:Creating environment descriptor '/home/user/robotic-soln/install/custom_interfaces/share/custom_interfaces/hook/ld_library_path_lib.dsv'
[5.231s] INFO:colcon.colcon_core.shell:Creating environment hook '/home/user/robotic-soln/install/custom_interfaces/share/custom_interfaces/hook/ld_library_path_lib.sh'
[5.232s] Level 1:colcon.colcon_core.environment:checking '/home/user/robotic-soln/install/custom_interfaces/bin'
[5.232s] Level 1:colcon.colcon_core.environment:checking '/home/user/robotic-soln/install/custom_interfaces/lib/pkgconfig/custom_interfaces.pc'
[5.232s] Level 1:colcon.colcon_core.environment:checking '/home/user/robotic-soln/install/custom_interfaces/lib/python3.10/site-packages'
[5.233s] Level 1:colcon.colcon_core.environment:checking '/home/user/robotic-soln/install/custom_interfaces/bin'
[5.253s] INFO:colcon.colcon_core.shell:Creating package script '/home/user/robotic-soln/install/custom_interfaces/share/custom_interfaces/package.ps1'
[5.255s] INFO:colcon.colcon_core.shell:Creating package descriptor '/home/user/robotic-soln/install/custom_interfaces/share/custom_interfaces/package.dsv'
[5.256s] INFO:colcon.colcon_core.shell:Creating package script '/home/user/robotic-soln/install/custom_interfaces/share/custom_interfaces/package.sh'
[5.256s] INFO:colcon.colcon_core.shell:Creating package script '/home/user/robotic-soln/install/custom_interfaces/share/custom_interfaces/package.bash'
[5.257s] INFO:colcon.colcon_core.shell:Creating package script '/home/user/robotic-soln/install/custom_interfaces/share/custom_interfaces/package.zsh'
[5.258s] Level 1:colcon.colcon_core.environment:create_file_with_runtime_dependencies(/home/user/robotic-soln/install/custom_interfaces/share/colcon-core/packages/custom_interfaces)
[5.259s] INFO:colcon.colcon_ros.task.ament_python.build:Building ROS package in '/home/user/robotic-soln/src/py_srvcli' with build type 'ament_python'
[5.260s] Level 1:colcon.colcon_core.shell:create_environment_hook('py_srvcli', 'ament_prefix_path')
[5.279s] INFO:colcon.colcon_core.shell:Creating environment hook '/home/user/robotic-soln/install/py_srvcli/share/py_srvcli/hook/ament_prefix_path.ps1'
[5.295s] INFO:colcon.colcon_core.shell:Creating environment descriptor '/home/user/robotic-soln/install/py_srvcli/share/py_srvcli/hook/ament_prefix_path.dsv'
[5.297s] INFO:colcon.colcon_core.shell:Creating environment hook '/home/user/robotic-soln/install/py_srvcli/share/py_srvcli/hook/ament_prefix_path.sh'
[5.331s] INFO:colcon.colcon_core.shell:Skip shell extension 'powershell' for command environment: Not usable outside of PowerShell
[5.331s] DEBUG:colcon.colcon_core.shell:Skip shell extension 'dsv' for command environment
[5.846s] INFO:colcon.colcon_core.task.python.build:Building Python package in '/home/user/robotic-soln/src/py_srvcli'
[5.870s] INFO:colcon.colcon_core.shell:Skip shell extension 'powershell' for command environment: Not usable outside of PowerShell
[5.871s] DEBUG:colcon.colcon_core.shell:Skip shell extension 'dsv' for command environment
[6.519s] DEBUG:colcon.colcon_core.event_handler.log_command:Invoking command in '/home/user/robotic-soln/src/py_srvcli': PYTHONPATH=/home/user/robotic-soln/build/py_srvcli/prefix_override:/home/user/robotic-soln/install/py_srvcli/lib/python3.10/site-packages:${PYTHONPATH} /usr/bin/python3 setup.py egg_info --egg-base ../../build/py_srvcli build --build-base /home/user/robotic-soln/build/py_srvcli/build install --record /home/user/robotic-soln/build/py_srvcli/install.log --single-version-externally-managed
[7.040s] DEBUG:colcon.colcon_core.event_handler.log_command:Invoked command in '/home/user/robotic-soln/src/py_srvcli' returned '0': PYTHONPATH=/home/user/robotic-soln/build/py_srvcli/prefix_override:/home/user/robotic-soln/install/py_srvcli/lib/python3.10/site-packages:${PYTHONPATH} /usr/bin/python3 setup.py egg_info --egg-base ../../build/py_srvcli build --build-base /home/user/robotic-soln/build/py_srvcli/build install --record /home/user/robotic-soln/build/py_srvcli/install.log --single-version-externally-managed
[7.053s] Level 1:colcon.colcon_core.environment:checking '/home/user/robotic-soln/install/py_srvcli' for CMake module files
[7.054s] Level 1:colcon.colcon_core.environment:checking '/home/user/robotic-soln/install/py_srvcli' for CMake config files
[7.058s] Level 1:colcon.colcon_core.environment:checking '/home/user/robotic-soln/install/py_srvcli/lib'
[7.058s] Level 1:colcon.colcon_core.environment:checking '/home/user/robotic-soln/install/py_srvcli/bin'
[7.058s] Level 1:colcon.colcon_core.environment:checking '/home/user/robotic-soln/install/py_srvcli/lib/pkgconfig/py_srvcli.pc'
[7.058s] Level 1:colcon.colcon_core.environment:checking '/home/user/robotic-soln/install/py_srvcli/lib/python3.10/site-packages'
[7.058s] Level 1:colcon.colcon_core.shell:create_environment_hook('py_srvcli', 'pythonpath')
[7.077s] INFO:colcon.colcon_core.shell:Creating environment hook '/home/user/robotic-soln/install/py_srvcli/share/py_srvcli/hook/pythonpath.ps1'
[7.079s] INFO:colcon.colcon_core.shell:Creating environment descriptor '/home/user/robotic-soln/install/py_srvcli/share/py_srvcli/hook/pythonpath.dsv'
[7.079s] INFO:colcon.colcon_core.shell:Creating environment hook '/home/user/robotic-soln/install/py_srvcli/share/py_srvcli/hook/pythonpath.sh'
[7.080s] Level 1:colcon.colcon_core.environment:checking '/home/user/robotic-soln/install/py_srvcli/bin'
[7.080s] Level 1:colcon.colcon_core.environment:create_environment_scripts_only(py_srvcli)
[7.106s] INFO:colcon.colcon_core.shell:Creating package script '/home/user/robotic-soln/install/py_srvcli/share/py_srvcli/package.ps1'
[7.108s] INFO:colcon.colcon_core.shell:Creating package descriptor '/home/user/robotic-soln/install/py_srvcli/share/py_srvcli/package.dsv'
[7.109s] INFO:colcon.colcon_core.shell:Creating package script '/home/user/robotic-soln/install/py_srvcli/share/py_srvcli/package.sh'
[7.110s] INFO:colcon.colcon_core.shell:Creating package script '/home/user/robotic-soln/install/py_srvcli/share/py_srvcli/package.bash'
[7.111s] INFO:colcon.colcon_core.shell:Creating package script '/home/user/robotic-soln/install/py_srvcli/share/py_srvcli/package.zsh'
[7.111s] Level 1:colcon.colcon_core.environment:create_file_with_runtime_dependencies(/home/user/robotic-soln/install/py_srvcli/share/colcon-core/packages/py_srvcli)
[7.113s] INFO:colcon.colcon_ros.task.ament_python.build:Building ROS package in '/home/user/robotic-soln/src/py_pubsub' with build type 'ament_python'
[7.113s] Level 1:colcon.colcon_core.shell:create_environment_hook('py_pubsub', 'ament_prefix_path')
[7.134s] INFO:colcon.colcon_core.shell:Creating environment hook '/home/user/robotic-soln/install/py_pubsub/share/py_pubsub/hook/ament_prefix_path.ps1'
[7.155s] INFO:colcon.colcon_core.shell:Creating environment descriptor '/home/user/robotic-soln/install/py_pubsub/share/py_pubsub/hook/ament_prefix_path.dsv'
[7.155s] INFO:colcon.colcon_core.shell:Creating environment hook '/home/user/robotic-soln/install/py_pubsub/share/py_pubsub/hook/ament_prefix_path.sh'
[7.200s] INFO:colcon.colcon_core.shell:Skip shell extension 'powershell' for command environment: Not usable outside of PowerShell
[7.200s] DEBUG:colcon.colcon_core.shell:Skip shell extension 'dsv' for command environment
[7.707s] INFO:colcon.colcon_core.task.python.build:Building Python package in '/home/user/robotic-soln/src/py_pubsub'
[7.729s] INFO:colcon.colcon_core.shell:Skip shell extension 'powershell' for command environment: Not usable outside of PowerShell
[7.729s] DEBUG:colcon.colcon_core.shell:Skip shell extension 'dsv' for command environment
[8.309s] DEBUG:colcon.colcon_core.event_handler.log_command:Invoking command in '/home/user/robotic-soln/src/py_pubsub': AMENT_PREFIX_PATH=/home/user/robotic-soln/install/custom_interfaces:${AMENT_PREFIX_PATH} CMAKE_PREFIX_PATH=/home/user/robotic-soln/install/custom_interfaces LD_LIBRARY_PATH=/home/user/robotic-soln/install/custom_interfaces/lib:${LD_LIBRARY_PATH} PYTHONPATH=/home/user/robotic-soln/build/py_pubsub/prefix_override:/home/user/robotic-soln/install/py_pubsub/lib/python3.10/site-packages:/home/user/robotic-soln/install/custom_interfaces/local/lib/python3.10/dist-packages:${PYTHONPATH} /usr/bin/python3 setup.py egg_info --egg-base ../../build/py_pubsub build --build-base /home/user/robotic-soln/build/py_pubsub/build install --record /home/user/robotic-soln/build/py_pubsub/install.log --single-version-externally-managed
[8.806s] DEBUG:colcon.colcon_core.event_handler.log_command:Invoked command in '/home/user/robotic-soln/src/py_pubsub' returned '0': AMENT_PREFIX_PATH=/home/user/robotic-soln/install/custom_interfaces:${AMENT_PREFIX_PATH} CMAKE_PREFIX_PATH=/home/user/robotic-soln/install/custom_interfaces LD_LIBRARY_PATH=/home/user/robotic-soln/install/custom_interfaces/lib:${LD_LIBRARY_PATH} PYTHONPATH=/home/user/robotic-soln/build/py_pubsub/prefix_override:/home/user/robotic-soln/install/py_pubsub/lib/python3.10/site-packages:/home/user/robotic-soln/install/custom_interfaces/local/lib/python3.10/dist-packages:${PYTHONPATH} /usr/bin/python3 setup.py egg_info --egg-base ../../build/py_pubsub build --build-base /home/user/robotic-soln/build/py_pubsub/build install --record /home/user/robotic-soln/build/py_pubsub/install.log --single-version-externally-managed
[8.833s] Level 1:colcon.colcon_core.environment:checking '/home/user/robotic-soln/install/py_pubsub' for CMake module files
[8.833s] Level 1:colcon.colcon_core.environment:checking '/home/user/robotic-soln/install/py_pubsub' for CMake config files
[8.838s] Level 1:colcon.colcon_core.environment:checking '/home/user/robotic-soln/install/py_pubsub/lib'
[8.838s] Level 1:colcon.colcon_core.environment:checking '/home/user/robotic-soln/install/py_pubsub/bin'
[8.838s] Level 1:colcon.colcon_core.environment:checking '/home/user/robotic-soln/install/py_pubsub/lib/pkgconfig/py_pubsub.pc'
[8.839s] Level 1:colcon.colcon_core.environment:checking '/home/user/robotic-soln/install/py_pubsub/lib/python3.10/site-packages'
[8.839s] Level 1:colcon.colcon_core.shell:create_environment_hook('py_pubsub', 'pythonpath')
[8.862s] INFO:colcon.colcon_core.shell:Creating environment hook '/home/user/robotic-soln/install/py_pubsub/share/py_pubsub/hook/pythonpath.ps1'
[8.863s] INFO:colcon.colcon_core.shell:Creating environment descriptor '/home/user/robotic-soln/install/py_pubsub/share/py_pubsub/hook/pythonpath.dsv'
[8.864s] INFO:colcon.colcon_core.shell:Creating environment hook '/home/user/robotic-soln/install/py_pubsub/share/py_pubsub/hook/pythonpath.sh'
[8.865s] Level 1:colcon.colcon_core.environment:checking '/home/user/robotic-soln/install/py_pubsub/bin'
[8.865s] Level 1:colcon.colcon_core.environment:create_environment_scripts_only(py_pubsub)
[8.886s] INFO:colcon.colcon_core.shell:Creating package script '/home/user/robotic-soln/install/py_pubsub/share/py_pubsub/package.ps1'
[8.888s] INFO:colcon.colcon_core.shell:Creating package descriptor '/home/user/robotic-soln/install/py_pubsub/share/py_pubsub/package.dsv'
[8.888s] INFO:colcon.colcon_core.shell:Creating package script '/home/user/robotic-soln/install/py_pubsub/share/py_pubsub/package.sh'
[8.889s] INFO:colcon.colcon_core.shell:Creating package script '/home/user/robotic-soln/install/py_pubsub/share/py_pubsub/package.bash'
[8.890s] INFO:colcon.colcon_core.shell:Creating package script '/home/user/robotic-soln/install/py_pubsub/share/py_pubsub/package.zsh'
[8.890s] Level 1:colcon.colcon_core.environment:create_file_with_runtime_dependencies(/home/user/robotic-soln/install/py_pubsub/share/colcon-core/packages/py_pubsub)
[8.891s] DEBUG:colcon.colcon_parallel_executor.executor.parallel:closing loop
[8.892s] DEBUG:colcon.colcon_parallel_executor.executor.parallel:loop closed
[8.892s] DEBUG:colcon.colcon_parallel_executor.executor.parallel:run_until_complete finished with '0'
[8.892s] DEBUG:colcon.colcon_core.event_reactor:joining thread
[8.950s] INFO:colcon.colcon_core.plugin_system:Skipping extension 'colcon_notification.desktop_notification.terminal_notifier': Not used on non-Darwin systems
[8.950s] INFO:colcon.colcon_core.plugin_system:Skipping extension 'colcon_notification.desktop_notification.win32': Not used on non-Windows systems
[8.951s] INFO:colcon.colcon_notification.desktop_notification:Sending desktop notification using 'notify2'
[8.999s] DEBUG:colcon.colcon_core.event_reactor:joined thread
[9.043s] INFO:colcon.colcon_core.shell:Creating prefix script '/home/user/robotic-soln/install/local_setup.ps1'
[9.053s] INFO:colcon.colcon_core.shell:Creating prefix util module '/home/user/robotic-soln/install/_local_setup_util_ps1.py'
[9.064s] INFO:colcon.colcon_core.shell:Creating prefix chain script '/home/user/robotic-soln/install/setup.ps1'
[9.109s] INFO:colcon.colcon_core.shell:Creating prefix script '/home/user/robotic-soln/install/local_setup.sh'
[9.110s] INFO:colcon.colcon_core.shell:Creating prefix util module '/home/user/robotic-soln/install/_local_setup_util_sh.py'
[9.111s] INFO:colcon.colcon_core.shell:Creating prefix chain script '/home/user/robotic-soln/install/setup.sh'
[9.168s] INFO:colcon.colcon_core.shell:Creating prefix script '/home/user/robotic-soln/install/local_setup.bash'
[9.171s] INFO:colcon.colcon_core.shell:Creating prefix chain script '/home/user/robotic-soln/install/setup.bash'
[9.194s] INFO:colcon.colcon_core.shell:Creating prefix script '/home/user/robotic-soln/install/local_setup.zsh'
[9.196s] INFO:colcon.colcon_core.shell:Creating prefix chain script '/home/user/robotic-soln/install/setup.zsh'
